<?xml version="1.0" encoding="utf-8"?><testsuites name="pytest tests"><testsuite name="pytest" errors="0" failures="0" skipped="1" tests="13" time="0.750" timestamp="2026-01-10T07:04:16.118429+00:00" hostname="agent-env-0245d1b0-6192-48ed-9fcf-866f6b6a81e4"><testcase classname="tests.test_iteration27_cancel_purchase.TestCancel1688Purchase" name="test_cancel_purchase_returns_404_for_nonexistent_order" time="0.054" /><testcase classname="tests.test_iteration27_cancel_purchase.TestCancel1688Purchase" name="test_cancel_purchase_returns_404_for_invalid_order_id" time="0.041" /><testcase classname="tests.test_iteration27_cancel_purchase.TestCancel1688Purchase" name="test_get_orders_with_alibaba_order_id" time="0.058" /><testcase classname="tests.test_iteration27_cancel_purchase.TestCancel1688Purchase" name="test_get_orders_without_alibaba_order_id" time="0.054" /><testcase classname="tests.test_iteration27_cancel_purchase.TestCancel1688Purchase" name="test_pipeline_endpoint_returns_correct_structure" time="0.044" /><testcase classname="tests.test_iteration27_cancel_purchase.TestCancel1688Purchase" name="test_search_order_by_number" time="0.047" /><testcase classname="tests.test_iteration27_cancel_purchase.TestCancel1688Purchase" name="test_search_order_29534" time="0.052" /><testcase classname="tests.test_iteration27_cancel_purchase.TestCancelPurchaseIntegration" name="test_cancel_purchase_on_order_with_alibaba_id" time="0.051"><skipped type="pytest.skip" message="Order doesn't have alibaba_order_id">/app/tests/test_iteration27_cancel_purchase.py:150: Order doesn't have alibaba_order_id</skipped></testcase><testcase classname="tests.test_iteration27_cancel_purchase.TestCancelPurchaseIntegration" name="test_cancel_purchase_on_order_without_alibaba_id" time="0.054" /><testcase classname="tests.test_iteration27_cancel_purchase.TestPipelineFilters" name="test_filter_by_purchase_status_purchased" time="0.056" /><testcase classname="tests.test_iteration27_cancel_purchase.TestPipelineFilters" name="test_filter_by_purchase_status_not_purchased" time="0.044" /><testcase classname="tests.test_iteration27_cancel_purchase.TestPipelineFilters" name="test_pagination" time="0.058" /><testcase classname="tests.test_iteration27_cancel_purchase.TestCancelledPurchasesAuditTrail" name="test_cancelled_purchases_array_structure" time="0.051" /></testsuite></testsuites>