<?xml version="1.0" encoding="utf-8"?><testsuites name="pytest tests"><testsuite name="pytest" errors="0" failures="0" skipped="0" tests="25" time="1.915" timestamp="2026-01-05T19:07:50.428432+00:00" hostname="agent-env-939ecd88-822c-4554-9c0f-59fb204fed6e"><testcase classname="tests.test_iteration16_bulk_dwz_features.TestBulkUpdateStage" name="test_bulk_update_stage_success" time="0.097" /><testcase classname="tests.test_iteration16_bulk_dwz_features.TestBulkUpdateStage" name="test_bulk_update_with_integer_order_ids" time="0.040" /><testcase classname="tests.test_iteration16_bulk_dwz_features.TestBulkUpdateStage" name="test_bulk_update_with_string_order_ids" time="0.079" /><testcase classname="tests.test_iteration16_bulk_dwz_features.TestBulkUpdateStage" name="test_bulk_update_invalid_stage" time="0.038" /><testcase classname="tests.test_iteration16_bulk_dwz_features.TestBulkUpdateStage" name="test_bulk_update_with_dwz_tracking" time="0.077" /><testcase classname="tests.test_iteration16_bulk_dwz_features.TestBulkUpdateStage" name="test_bulk_update_with_local_tracking" time="0.074" /><testcase classname="tests.test_iteration16_bulk_dwz_features.TestBulkUpdateStage" name="test_bulk_update_empty_order_ids" time="0.073" /><testcase classname="tests.test_iteration16_bulk_dwz_features.TestBulkUpdateStage" name="test_bulk_update_nonexistent_orders" time="0.072" /><testcase classname="tests.test_iteration16_bulk_dwz_features.TestDWZCSVImport" name="test_dwz_csv_import_success" time="0.077" /><testcase classname="tests.test_iteration16_bulk_dwz_features.TestDWZCSVImport" name="test_dwz_csv_import_multiple_lines" time="0.113" /><testcase classname="tests.test_iteration16_bulk_dwz_features.TestDWZCSVImport" name="test_dwz_csv_import_without_auto_advance" time="0.074" /><testcase classname="tests.test_iteration16_bulk_dwz_features.TestDWZCSVImport" name="test_dwz_csv_import_empty_data" time="0.039" /><testcase classname="tests.test_iteration16_bulk_dwz_features.TestDWZCSVImport" name="test_dwz_csv_import_with_comments" time="0.080" /><testcase classname="tests.test_iteration16_bulk_dwz_features.TestDWZCSVImport" name="test_dwz_csv_import_with_whitespace" time="0.077" /><testcase classname="tests.test_iteration16_bulk_dwz_features.TestDWZJSONImport" name="test_dwz_json_import_success" time="0.116" /><testcase classname="tests.test_iteration16_bulk_dwz_features.TestDWZJSONImport" name="test_dwz_json_import_multiple_items" time="0.124" /><testcase classname="tests.test_iteration16_bulk_dwz_features.TestDWZJSONImport" name="test_dwz_json_import_without_auto_advance" time="0.080" /><testcase classname="tests.test_iteration16_bulk_dwz_features.TestDWZJSONImport" name="test_dwz_json_import_integer_order_id" time="0.084" /><testcase classname="tests.test_iteration16_bulk_dwz_features.TestDWZJSONImport" name="test_dwz_json_import_nonexistent_order" time="0.074" /><testcase classname="tests.test_iteration16_bulk_dwz_features.TestCarriersAndStages" name="test_get_carriers" time="0.044" /><testcase classname="tests.test_iteration16_bulk_dwz_features.TestCarriersAndStages" name="test_stages_list" time="0.041" /><testcase classname="tests.test_iteration16_bulk_dwz_features.TestPipelineEndpoints" name="test_get_pipeline" time="0.047" /><testcase classname="tests.test_iteration16_bulk_dwz_features.TestPipelineEndpoints" name="test_get_pipeline_stats" time="0.046" /><testcase classname="tests.test_iteration16_bulk_dwz_features.TestOrderStageUpdate" name="test_update_order_stage" time="0.079" /><testcase classname="tests.test_iteration16_bulk_dwz_features.TestOrderStageUpdate" name="test_update_order_stage_with_tracking" time="0.075" /></testsuite></testsuites>