<?xml version="1.0" encoding="utf-8"?><testsuites name="pytest tests"><testsuite name="pytest" errors="0" failures="0" skipped="0" tests="8" time="9.895" timestamp="2026-04-20T12:04:49.986717+00:00" hostname="agent-env-83fef7e7-9397-4662-ac97-7a482391b247"><testcase classname="backend.tests.test_checkout_e2e.TestStorefront" name="test_products_list" time="1.932" /><testcase classname="backend.tests.test_checkout_e2e.TestStorefront" name="test_product_detail" time="0.749" /><testcase classname="backend.tests.test_checkout_e2e.TestStorefront" name="test_collections" time="0.254" /><testcase classname="backend.tests.test_checkout_e2e.TestCheckoutPrepaid" name="test_create_prepaid_order" time="1.059" /><testcase classname="backend.tests.test_checkout_e2e.TestCheckoutPrepaid" name="test_checkout_persisted_in_db" time="0.052" /><testcase classname="backend.tests.test_checkout_e2e.TestCheckoutPrepaid" name="test_verify_payment_invalid_signature" time="0.047" /><testcase classname="backend.tests.test_checkout_e2e.TestCheckoutPrepaid" name="test_verify_payment_valid_signature" time="2.359" /><testcase classname="backend.tests.test_checkout_e2e.TestCheckoutCOD" name="test_create_cod_order" time="3.388" /></testsuite></testsuites>