<?xml version="1.0" encoding="utf-8"?><testsuites name="pytest tests"><testsuite name="pytest" errors="0" failures="3" skipped="0" tests="32" time="4.428" timestamp="2026-01-07T09:45:37.310316+00:00" hostname="agent-env-d706c909-bf03-4c3c-889d-fede0c1031cc"><testcase classname="tests.test_iteration24_currency_refactor.TestCurrencyConversionService" name="test_currency_rates_endpoint_exists" time="0.071" /><testcase classname="tests.test_iteration24_currency_refactor.TestCurrencyConversionService" name="test_currency_rates_response_structure" time="0.049" /><testcase classname="tests.test_iteration24_currency_refactor.TestCurrencyConversionService" name="test_currency_rates_base_currency_is_inr" time="0.041" /><testcase classname="tests.test_iteration24_currency_refactor.TestCurrencyConversionService" name="test_currency_rates_contains_supported_currencies" time="0.042" /><testcase classname="tests.test_iteration24_currency_refactor.TestCurrencyConversionService" name="test_currency_rates_values_reasonable" time="0.041" /><testcase classname="tests.test_iteration24_currency_refactor.TestMarketingStatsEndpoint" name="test_marketing_stats_endpoint_exists" time="0.703" /><testcase classname="tests.test_iteration24_currency_refactor.TestMarketingStatsEndpoint" name="test_marketing_stats_response_structure" time="0.607" /><testcase classname="tests.test_iteration24_currency_refactor.TestMarketingStatsEndpoint" name="test_marketing_stats_contains_revenue_fields" time="0.688" /><testcase classname="tests.test_iteration24_currency_refactor.TestMarketingStatsEndpoint" name="test_marketing_stats_contains_order_fields" time="0.586" /><testcase classname="tests.test_iteration24_currency_refactor.TestMarketingStatsEndpoint" name="test_marketing_stats_no_datetime_error" time="0.656" /><testcase classname="tests.test_iteration24_currency_refactor.TestMarketingCampaignsEndpoint" name="test_marketing_campaigns_endpoint_exists" time="0.037" /><testcase classname="tests.test_iteration24_currency_refactor.TestMarketingCampaignsEndpoint" name="test_marketing_campaigns_response_structure" time="0.039" /><testcase classname="tests.test_iteration24_currency_refactor.TestSettingsAutoSyncEndpoint" name="test_settings_auto_sync_endpoint_exists" time="0.035" /><testcase classname="tests.test_iteration24_currency_refactor.TestSettingsAutoSyncEndpoint" name="test_settings_auto_sync_response_structure" time="0.037" /><testcase classname="tests.test_iteration24_currency_refactor.TestSettingsAutoSyncEndpoint" name="test_settings_auto_sync_has_interval" time="0.037" /><testcase classname="tests.test_iteration24_currency_refactor.TestSettingsAutoSyncEndpoint" name="test_settings_auto_sync_has_sync_options" time="0.038" /><testcase classname="tests.test_iteration24_currency_refactor.TestSettingsNotificationsEndpoint" name="test_settings_notifications_endpoint_exists" time="0.034" /><testcase classname="tests.test_iteration24_currency_refactor.TestSettingsNotificationsEndpoint" name="test_settings_notifications_response_structure" time="0.034" /><testcase classname="tests.test_iteration24_currency_refactor.TestSettingsGeneralEndpoint" name="test_settings_general_endpoint_exists" time="0.031" /><testcase classname="tests.test_iteration24_currency_refactor.TestSettingsGeneralEndpoint" name="test_settings_general_response_structure" time="0.036" /><testcase classname="tests.test_iteration24_currency_refactor.TestShopifySyncStatusEndpoint" name="test_shopify_sync_status_endpoint_exists" time="0.035"><failure message="AssertionError: Expected 200, got 404: {&quot;detail&quot;:&quot;Job not found&quot;}&#10;assert 404 == 200&#10; +  where 404 = &lt;Response [404]&gt;.status_code">tests/test_iteration24_currency_refactor.py:238: in test_shopify_sync_status_endpoint_exists
    assert response.status_code == 200, f"Expected 200, got {response.status_code}: {response.text}"
E   AssertionError: Expected 200, got 404: {"detail":"Job not found"}
E   assert 404 == 200
E    +  where 404 = &lt;Response [404]&gt;.status_code</failure></testcase><testcase classname="tests.test_iteration24_currency_refactor.TestShopifySyncStatusEndpoint" name="test_shopify_sync_status_response_structure" time="0.036"><failure message="assert 404 == 200&#10; +  where 404 = &lt;Response [404]&gt;.status_code">tests/test_iteration24_currency_refactor.py:243: in test_shopify_sync_status_response_structure
    assert response.status_code == 200
E   assert 404 == 200
E    +  where 404 = &lt;Response [404]&gt;.status_code</failure></testcase><testcase classname="tests.test_iteration24_currency_refactor.TestWhatsAppConversationsEndpoint" name="test_whatsapp_conversations_endpoint_exists" time="0.034" /><testcase classname="tests.test_iteration24_currency_refactor.TestWhatsAppConversationsEndpoint" name="test_whatsapp_conversations_response_structure" time="0.050" /><testcase classname="tests.test_iteration24_currency_refactor.TestWhatsAppConversationsEndpoint" name="test_whatsapp_conversations_has_total" time="0.040"><failure message="AssertionError: Response should have 'total' field&#10;assert 'total' in {'conversations': [{'contact_name': 'test user name', 'id': 'conv_16315551181', 'last_message': 'this is a text message', 'last_message_at': '2025-12-08T05:56:30.574042+00:00', ...}], 'count': 1, 'success': True}">tests/test_iteration24_currency_refactor.py:275: in test_whatsapp_conversations_has_total
    assert "total" in data, "Response should have 'total' field"
E   AssertionError: Response should have 'total' field
E   assert 'total' in {'conversations': [{'contact_name': 'test user name', 'id': 'conv_16315551181', 'last_message': 'this is a text message', 'last_message_at': '2025-12-08T05:56:30.574042+00:00', ...}], 'count': 1, 'success': True}</failure></testcase><testcase classname="tests.test_iteration24_currency_refactor.TestCompetitorDashboardStats" name="test_competitor_dashboard_stats_endpoint_exists" time="0.039" /><testcase classname="tests.test_iteration24_currency_refactor.TestCompetitorDashboardStats" name="test_competitor_dashboard_stats_response_structure" time="0.038" /><testcase classname="tests.test_iteration24_currency_refactor.TestCompetitorDashboardStats" name="test_competitor_dashboard_stats_fields" time="0.038" /><testcase classname="tests.test_iteration24_currency_refactor.TestCompetitorAnalysesEndpoint" name="test_competitor_analyses_endpoint_exists" time="0.044" /><testcase classname="tests.test_iteration24_currency_refactor.TestCompetitorAnalysesEndpoint" name="test_competitor_analyses_response_structure" time="0.044" /><testcase classname="tests.test_iteration24_currency_refactor.TestHealthAndBasicEndpoints" name="test_root_endpoint" time="0.035" /><testcase classname="tests.test_iteration24_currency_refactor.TestHealthAndBasicEndpoints" name="test_scheduler_status_endpoint" time="0.036" /></testsuite></testsuites>