<?xml version="1.0" encoding="utf-8"?><testsuites name="pytest tests"><testsuite name="pytest" errors="0" failures="0" skipped="0" tests="19" time="24.329" timestamp="2026-01-06T17:43:37.623023+00:00" hostname="agent-env-bf310bc6-a023-4c14-9b08-a69aa0b416fc"><testcase classname="tests.test_iteration19_storefront_dwz56.TestDWZ56StoreIsolation" name="test_dwz56_health_check" time="0.085" /><testcase classname="tests.test_iteration19_storefront_dwz56.TestDWZ56StoreIsolation" name="test_dwz56_tracking_list_without_store_filter" time="0.980" /><testcase classname="tests.test_iteration19_storefront_dwz56.TestDWZ56StoreIsolation" name="test_dwz56_tracking_list_with_store_filter" time="3.279" /><testcase classname="tests.test_iteration19_storefront_dwz56.TestDWZ56StoreIsolation" name="test_dwz56_import_stats_without_store_filter" time="0.682" /><testcase classname="tests.test_iteration19_storefront_dwz56.TestDWZ56StoreIsolation" name="test_dwz56_import_stats_with_store_filter" time="3.371" /><testcase classname="tests.test_iteration19_storefront_dwz56.TestDWZ56PurchaseStoreIsolation" name="test_dwz56_purchase_client_info" time="0.607" /><testcase classname="tests.test_iteration19_storefront_dwz56.TestDWZ56PurchaseStoreIsolation" name="test_dwz56_purchase_tracking_list_without_store_filter" time="0.620" /><testcase classname="tests.test_iteration19_storefront_dwz56.TestDWZ56PurchaseStoreIsolation" name="test_dwz56_purchase_tracking_list_with_store_filter" time="3.388" /><testcase classname="tests.test_iteration19_storefront_dwz56.TestDWZ56PurchaseStoreIsolation" name="test_dwz56_purchase_import_stats_without_store_filter" time="0.775" /><testcase classname="tests.test_iteration19_storefront_dwz56.TestDWZ56PurchaseStoreIsolation" name="test_dwz56_purchase_import_stats_with_store_filter" time="3.181" /><testcase classname="tests.test_iteration19_storefront_dwz56.TestShopifyProductAPI" name="test_shopify_products_list" time="0.084" /><testcase classname="tests.test_iteration19_storefront_dwz56.TestShopifyProductAPI" name="test_shopify_products_list_with_store_filter" time="0.184" /><testcase classname="tests.test_iteration19_storefront_dwz56.TestShopifyProductAPI" name="test_single_product_endpoint" time="0.042" /><testcase classname="tests.test_iteration19_storefront_dwz56.TestShopifyProductAPI" name="test_single_product_not_found" time="0.054" /><testcase classname="tests.test_iteration19_storefront_dwz56.TestStorefrontRoutes" name="test_storefront_homepage_api_data" time="0.055" /><testcase classname="tests.test_iteration19_storefront_dwz56.TestStorefrontRoutes" name="test_storefront_product_listing_api_data" time="0.057" /><testcase classname="tests.test_iteration19_storefront_dwz56.TestStorefrontRoutes" name="test_store_specific_routes_api_data" time="0.188" /><testcase classname="tests.test_iteration19_storefront_dwz56.TestDataIsolationIntegrity" name="test_store_data_does_not_leak" time="6.430" /><testcase classname="tests.test_iteration19_storefront_dwz56.TestDataIsolationIntegrity" name="test_products_store_isolation" time="0.182" /></testsuite></testsuites>