<?xml version="1.0" encoding="utf-8"?><testsuites name="pytest tests"><testsuite name="pytest" errors="0" failures="0" skipped="0" tests="13" time="2.278" timestamp="2026-01-12T14:07:02.869136+00:00" hostname="agent-env-fc4c9aea-70d3-43f5-b72f-250c692ab484"><testcase classname="tests.test_iteration33_storefront_banners.TestStorefrontBannersAPI" name="test_india_store_home_config_returns_success" time="1.438" /><testcase classname="tests.test_iteration33_storefront_banners.TestStorefrontBannersAPI" name="test_india_store_returns_3_banners" time="0.048" /><testcase classname="tests.test_iteration33_storefront_banners.TestStorefrontBannersAPI" name="test_india_store_banners_have_shopify_cdn_images" time="0.039" /><testcase classname="tests.test_iteration33_storefront_banners.TestStorefrontBannersAPI" name="test_india_store_banner_structure" time="0.043" /><testcase classname="tests.test_iteration33_storefront_banners.TestStorefrontBannersAPI" name="test_india_store_banner_titles" time="0.041" /><testcase classname="tests.test_iteration33_storefront_banners.TestStorefrontBannersAPI" name="test_pakistan_store_home_config_returns_success" time="0.046" /><testcase classname="tests.test_iteration33_storefront_banners.TestStorefrontBannersAPI" name="test_pakistan_store_returns_3_banners" time="0.055" /><testcase classname="tests.test_iteration33_storefront_banners.TestStorefrontBannersAPI" name="test_pakistan_store_banners_have_shopify_cdn_images" time="0.040" /><testcase classname="tests.test_iteration33_storefront_banners.TestStorefrontBannersAPI" name="test_pakistan_store_banner_titles" time="0.043" /><testcase classname="tests.test_iteration33_storefront_banners.TestStorefrontBannersAPI" name="test_banners_have_collection_links" time="0.079" /><testcase classname="tests.test_iteration33_storefront_banners.TestStorefrontBannersAPI" name="test_banners_are_active" time="0.081" /><testcase classname="tests.test_iteration33_storefront_banners.TestStorefrontBannersAPI" name="test_banners_have_cta_buttons" time="0.086" /><testcase classname="tests.test_iteration33_storefront_banners.TestStorefrontHealthCheck" name="test_storefront_health_endpoint" time="0.044" /></testsuite></testsuites>