<?xml version="1.0" encoding="utf-8"?><testsuites name="pytest tests"><testsuite name="pytest" errors="0" failures="0" skipped="0" tests="32" time="1.807" timestamp="2026-01-14T17:49:55.442587+00:00" hostname="agent-env-d32e355b-19eb-4eff-9f3a-cda30c5fd51d"><testcase classname="tests.test_iteration36_ecommerce_features.TestOrderTracking" name="test_track_order_not_found" time="0.071" /><testcase classname="tests.test_iteration36_ecommerce_features.TestOrderTracking" name="test_order_history_requires_identifier" time="0.043" /><testcase classname="tests.test_iteration36_ecommerce_features.TestOrderTracking" name="test_order_history_with_customer_id" time="0.040" /><testcase classname="tests.test_iteration36_ecommerce_features.TestOrderTracking" name="test_order_history_with_session_id" time="0.048" /><testcase classname="tests.test_iteration36_ecommerce_features.TestWishlistAPI" name="test_get_empty_wishlist" time="0.079" /><testcase classname="tests.test_iteration36_ecommerce_features.TestWishlistAPI" name="test_add_to_wishlist" time="0.048" /><testcase classname="tests.test_iteration36_ecommerce_features.TestWishlistAPI" name="test_get_wishlist_after_add" time="0.043" /><testcase classname="tests.test_iteration36_ecommerce_features.TestWishlistAPI" name="test_add_duplicate_to_wishlist" time="0.036" /><testcase classname="tests.test_iteration36_ecommerce_features.TestWishlistAPI" name="test_remove_from_wishlist" time="0.038" /><testcase classname="tests.test_iteration36_ecommerce_features.TestWishlistAPI" name="test_wishlist_pakistan_store" time="0.038" /><testcase classname="tests.test_iteration36_ecommerce_features.TestProductReviewsAPI" name="test_get_product_reviews_empty" time="0.037" /><testcase classname="tests.test_iteration36_ecommerce_features.TestProductReviewsAPI" name="test_get_product_reviews_with_filters" time="0.040" /><testcase classname="tests.test_iteration36_ecommerce_features.TestProductReviewsAPI" name="test_create_review" time="0.050" /><testcase classname="tests.test_iteration36_ecommerce_features.TestProductReviewsAPI" name="test_create_duplicate_review_fails" time="0.077" /><testcase classname="tests.test_iteration36_ecommerce_features.TestProductReviewsAPI" name="test_get_pending_reviews" time="0.080" /><testcase classname="tests.test_iteration36_ecommerce_features.TestProductReviewsAPI" name="test_get_product_rating" time="0.038" /><testcase classname="tests.test_iteration36_ecommerce_features.TestCustomerAccountAPI" name="test_get_customer_dashboard" time="0.039" /><testcase classname="tests.test_iteration36_ecommerce_features.TestCustomerAccountAPI" name="test_get_customer_dashboard_pakistan" time="0.037" /><testcase classname="tests.test_iteration36_ecommerce_features.TestCustomerAccountAPI" name="test_get_customer_profile_not_found" time="0.065" /><testcase classname="tests.test_iteration36_ecommerce_features.TestCustomerAccountAPI" name="test_update_customer_profile" time="0.168" /><testcase classname="tests.test_iteration36_ecommerce_features.TestAddressManagementAPI" name="test_get_empty_addresses" time="0.035" /><testcase classname="tests.test_iteration36_ecommerce_features.TestAddressManagementAPI" name="test_add_address" time="0.048" /><testcase classname="tests.test_iteration36_ecommerce_features.TestAddressManagementAPI" name="test_get_addresses_after_add" time="0.039" /><testcase classname="tests.test_iteration36_ecommerce_features.TestAddressManagementAPI" name="test_add_office_address" time="0.035" /><testcase classname="tests.test_iteration36_ecommerce_features.TestStockNotificationsAPI" name="test_request_stock_notification" time="0.049" /><testcase classname="tests.test_iteration36_ecommerce_features.TestStockNotificationsAPI" name="test_duplicate_stock_notification" time="0.038" /><testcase classname="tests.test_iteration36_ecommerce_features.TestStockNotificationsAPI" name="test_get_stock_status" time="0.034" /><testcase classname="tests.test_iteration36_ecommerce_features.TestRecentlyViewedAPI" name="test_add_recently_viewed" time="0.047" /><testcase classname="tests.test_iteration36_ecommerce_features.TestRecentlyViewedAPI" name="test_get_recently_viewed" time="0.048" /><testcase classname="tests.test_iteration36_ecommerce_features.TestShareableWishlist" name="test_share_empty_wishlist_fails" time="0.041" /><testcase classname="tests.test_iteration36_ecommerce_features.TestShareableWishlist" name="test_share_wishlist_with_items" time="0.123" /><testcase classname="tests.test_iteration36_ecommerce_features.TestMoveToCart" name="test_move_to_cart_item_not_found" time="0.037" /></testsuite></testsuites>