<?xml version="1.0" encoding="utf-8"?><testsuites name="pytest tests"><testsuite name="pytest" errors="0" failures="0" skipped="0" tests="17" time="7.616" timestamp="2026-01-03T09:52:24.490637+00:00" hostname="agent-env-9f14c1ff-9ad9-4e0c-a191-b4ca604455b7"><testcase classname="tests.test_backend_apis.TestHealthAndBasicEndpoints" name="test_root_endpoint" time="1.031" /><testcase classname="tests.test_backend_apis.TestHealthAndBasicEndpoints" name="test_scheduler_status" time="0.074" /><testcase classname="tests.test_backend_apis.TestShopifySync" name="test_shopify_sync_ashmiaa" time="0.567" /><testcase classname="tests.test_backend_apis.TestShopifySync" name="test_shopify_sync_tnvcollectionpk" time="2.201" /><testcase classname="tests.test_backend_apis.TestShopifySync" name="test_shopify_sync_tnvcollection" time="2.316" /><testcase classname="tests.test_backend_apis.TestShopifySync" name="test_shopify_sync_nonexistent_store" time="0.051" /><testcase classname="tests.test_backend_apis.Test1688Integration" name="test_1688_health_check" time="0.032" /><testcase classname="tests.test_backend_apis.Test1688Integration" name="test_1688_catalog" time="0.035" /><testcase classname="tests.test_backend_apis.Test1688Integration" name="test_1688_catalog_pagination" time="0.036" /><testcase classname="tests.test_backend_apis.Test1688Integration" name="test_1688_shipping_addresses" time="0.837" /><testcase classname="tests.test_backend_apis.TestFulfillmentPipeline" name="test_fulfillment_stats" time="0.036" /><testcase classname="tests.test_backend_apis.TestFulfillmentPipeline" name="test_fulfillment_pending_purchase" time="0.048" /><testcase classname="tests.test_backend_apis.TestFulfillmentPipeline" name="test_fulfillment_pipeline" time="0.078" /><testcase classname="tests.test_backend_apis.TestFulfillmentPipeline" name="test_fulfillment_pipeline_pagination" time="0.039" /><testcase classname="tests.test_backend_apis.TestFulfillmentPipeline" name="test_fulfillment_status_nonexistent_order" time="0.059" /><testcase classname="tests.test_backend_apis.TestStoresEndpoint" name="test_get_stores" time="0.033" /><testcase classname="tests.test_backend_apis.TestCustomersEndpoint" name="test_get_customers" time="0.049" /></testsuite></testsuites>