<?xml version="1.0" encoding="utf-8"?><testsuites name="pytest tests"><testsuite name="pytest" errors="0" failures="2" skipped="0" tests="12" time="10.863" timestamp="2026-01-06T17:59:30.456194+00:00" hostname="agent-env-bf310bc6-a023-4c14-9b08-a69aa0b416fc"><testcase classname="tests.test_iteration20_checkout.TestStorefrontHealth" name="test_storefront_health" time="0.307" /><testcase classname="tests.test_iteration20_checkout.TestOrderCreationCOD" name="test_create_cod_order_success" time="2.078" /><testcase classname="tests.test_iteration20_checkout.TestOrderCreationCOD" name="test_create_order_missing_customer" time="0.039" /><testcase classname="tests.test_iteration20_checkout.TestOrderCreationCOD" name="test_create_order_missing_line_items" time="0.309" /><testcase classname="tests.test_iteration20_checkout.TestOrderRetrieval" name="test_get_order_success" time="2.235" /><testcase classname="tests.test_iteration20_checkout.TestOrderRetrieval" name="test_get_order_not_found" time="0.041" /><testcase classname="tests.test_iteration20_checkout.TestRazorpayOrderCreation" name="test_create_razorpay_order_success" time="0.870"><failure message="assert 520 == 200&#10; +  where 520 = &lt;Response [520]&gt;.status_code">tests/test_iteration20_checkout.py:222: in test_create_razorpay_order_success
    assert response.status_code == 200
E   assert 520 == 200
E    +  where 520 = &lt;Response [520]&gt;.status_code</failure></testcase><testcase classname="tests.test_iteration20_checkout.TestRazorpayOrderCreation" name="test_create_razorpay_order_invalid_amount" time="0.288"><failure message="assert 520 in [400, 422, 500]&#10; +  where 520 = &lt;Response [520]&gt;.status_code">tests/test_iteration20_checkout.py:248: in test_create_razorpay_order_invalid_amount
    assert response.status_code in [400, 422, 500]
E   assert 520 in [400, 422, 500]
E    +  where 520 = &lt;Response [520]&gt;.status_code</failure></testcase><testcase classname="tests.test_iteration20_checkout.TestOrderDataValidation" name="test_order_with_multiple_items" time="0.986" /><testcase classname="tests.test_iteration20_checkout.TestOrderDataValidation" name="test_order_with_free_shipping" time="2.313" /><testcase classname="tests.test_iteration20_checkout.TestPaymentVerification" name="test_verify_payment_invalid_signature" time="0.074" /><testcase classname="tests.test_iteration20_checkout.TestOrderNumberGeneration" name="test_order_number_format" time="1.221" /></testsuite></testsuites>