<?xml version="1.0" encoding="utf-8"?><testsuites name="pytest tests"><testsuite name="pytest" errors="0" failures="3" skipped="0" tests="25" time="2.012" timestamp="2026-01-05T19:07:24.378157+00:00" hostname="agent-env-939ecd88-822c-4554-9c0f-59fb204fed6e"><testcase classname="tests.test_iteration16_bulk_dwz_features.TestBulkUpdateStage" name="test_bulk_update_stage_success" time="0.113" /><testcase classname="tests.test_iteration16_bulk_dwz_features.TestBulkUpdateStage" name="test_bulk_update_with_integer_order_ids" time="0.040"><failure message="assert 422 == 200&#10; +  where 422 = &lt;Response [422]&gt;.status_code">tests/test_iteration16_bulk_dwz_features.py:46: in test_bulk_update_with_integer_order_ids
    assert response.status_code == 200
E   assert 422 == 200
E    +  where 422 = &lt;Response [422]&gt;.status_code</failure></testcase><testcase classname="tests.test_iteration16_bulk_dwz_features.TestBulkUpdateStage" name="test_bulk_update_with_mixed_order_ids" time="0.044"><failure message="assert 422 == 200&#10; +  where 422 = &lt;Response [422]&gt;.status_code">tests/test_iteration16_bulk_dwz_features.py:60: in test_bulk_update_with_mixed_order_ids
    assert response.status_code == 200
E   assert 422 == 200
E    +  where 422 = &lt;Response [422]&gt;.status_code</failure></testcase><testcase classname="tests.test_iteration16_bulk_dwz_features.TestBulkUpdateStage" name="test_bulk_update_invalid_stage" time="0.040" /><testcase classname="tests.test_iteration16_bulk_dwz_features.TestBulkUpdateStage" name="test_bulk_update_with_dwz_tracking" time="0.078" /><testcase classname="tests.test_iteration16_bulk_dwz_features.TestBulkUpdateStage" name="test_bulk_update_with_local_tracking" time="0.080" /><testcase classname="tests.test_iteration16_bulk_dwz_features.TestBulkUpdateStage" name="test_bulk_update_empty_order_ids" time="0.112" /><testcase classname="tests.test_iteration16_bulk_dwz_features.TestBulkUpdateStage" name="test_bulk_update_nonexistent_orders" time="0.073" /><testcase classname="tests.test_iteration16_bulk_dwz_features.TestDWZCSVImport" name="test_dwz_csv_import_success" time="0.080" /><testcase classname="tests.test_iteration16_bulk_dwz_features.TestDWZCSVImport" name="test_dwz_csv_import_multiple_lines" time="0.112" /><testcase classname="tests.test_iteration16_bulk_dwz_features.TestDWZCSVImport" name="test_dwz_csv_import_without_auto_advance" time="0.077" /><testcase classname="tests.test_iteration16_bulk_dwz_features.TestDWZCSVImport" name="test_dwz_csv_import_empty_data" time="0.039" /><testcase classname="tests.test_iteration16_bulk_dwz_features.TestDWZCSVImport" name="test_dwz_csv_import_with_comments" time="0.116" /><testcase classname="tests.test_iteration16_bulk_dwz_features.TestDWZCSVImport" name="test_dwz_csv_import_with_whitespace" time="0.077" /><testcase classname="tests.test_iteration16_bulk_dwz_features.TestDWZJSONImport" name="test_dwz_json_import_success" time="0.080" /><testcase classname="tests.test_iteration16_bulk_dwz_features.TestDWZJSONImport" name="test_dwz_json_import_multiple_items" time="0.112" /><testcase classname="tests.test_iteration16_bulk_dwz_features.TestDWZJSONImport" name="test_dwz_json_import_without_auto_advance" time="0.078" /><testcase classname="tests.test_iteration16_bulk_dwz_features.TestDWZJSONImport" name="test_dwz_json_import_integer_order_id" time="0.086" /><testcase classname="tests.test_iteration16_bulk_dwz_features.TestDWZJSONImport" name="test_dwz_json_import_nonexistent_order" time="0.077" /><testcase classname="tests.test_iteration16_bulk_dwz_features.TestCarriersAndStages" name="test_get_carriers" time="0.053" /><testcase classname="tests.test_iteration16_bulk_dwz_features.TestCarriersAndStages" name="test_stages_list" time="0.037" /><testcase classname="tests.test_iteration16_bulk_dwz_features.TestPipelineEndpoints" name="test_get_pipeline" time="0.043"><failure message="AssertionError: assert 'stats' in {'orders': [{'created_at': '2026-01-05T13:26:56.106588+00:00', 'current_stage': 'dwz56_shipped', 'customer_name': 'Test Customer', 'customer_phone': None, ...}], 'page': 1, 'page_size': 20, 'status_counts': {'error': 0, 'fulfilled': 0, 'pending': 0, 'purchased': 0, ...}, ...}">tests/test_iteration16_bulk_dwz_features.py:364: in test_get_pipeline
    assert "stats" in data
E   AssertionError: assert 'stats' in {'orders': [{'created_at': '2026-01-05T13:26:56.106588+00:00', 'current_stage': 'dwz56_shipped', 'customer_name': 'Test Customer', 'customer_phone': None, ...}], 'page': 1, 'page_size': 20, 'status_counts': {'error': 0, 'fulfilled': 0, 'pending': 0, 'purchased': 0, ...}, ...}</failure></testcase><testcase classname="tests.test_iteration16_bulk_dwz_features.TestPipelineEndpoints" name="test_get_pipeline_stats" time="0.044" /><testcase classname="tests.test_iteration16_bulk_dwz_features.TestOrderStageUpdate" name="test_update_order_stage" time="0.086" /><testcase classname="tests.test_iteration16_bulk_dwz_features.TestOrderStageUpdate" name="test_update_order_stage_with_tracking" time="0.118" /></testsuite></testsuites>