<?xml version="1.0" encoding="utf-8"?><testsuites name="pytest tests"><testsuite name="pytest" errors="0" failures="0" skipped="0" tests="20" time="11.313" timestamp="2026-01-05T19:30:15.106087+00:00" hostname="agent-env-939ecd88-822c-4554-9c0f-59fb204fed6e"><testcase classname="tests.test_iteration17_dwz_sync_features.TestDWZSyncAPI" name="test_dwz_sync_endpoint_exists" time="1.010" /><testcase classname="tests.test_iteration17_dwz_sync_features.TestDWZSyncAPI" name="test_dwz_sync_returns_expected_fields" time="0.727" /><testcase classname="tests.test_iteration17_dwz_sync_features.TestDWZSyncAPI" name="test_dwz_sync_with_different_days_back" time="4.204" /><testcase classname="tests.test_iteration17_dwz_sync_features.TestDWZSyncAPI" name="test_dwz_sync_without_store_name" time="0.746" /><testcase classname="tests.test_iteration17_dwz_sync_features.TestOrderHistoryTimeline" name="test_order_history_for_existing_order" time="0.041" /><testcase classname="tests.test_iteration17_dwz_sync_features.TestOrderHistoryTimeline" name="test_order_history_timeline_structure" time="0.039" /><testcase classname="tests.test_iteration17_dwz_sync_features.TestOrderHistoryTimeline" name="test_order_history_current_state" time="0.040" /><testcase classname="tests.test_iteration17_dwz_sync_features.TestOrderHistoryTimeline" name="test_order_history_for_nonexistent_order" time="0.068" /><testcase classname="tests.test_iteration17_dwz_sync_features.TestOrderHistoryTimeline" name="test_order_history_event_count_matches_timeline" time="0.038" /><testcase classname="tests.test_iteration17_dwz_sync_features.TestBatchNotifyByStage" name="test_batch_notify_endpoint_exists" time="0.038" /><testcase classname="tests.test_iteration17_dwz_sync_features.TestBatchNotifyByStage" name="test_batch_notify_returns_expected_fields" time="0.037" /><testcase classname="tests.test_iteration17_dwz_sync_features.TestBatchNotifyByStage" name="test_batch_notify_all_stages" time="0.271" /><testcase classname="tests.test_iteration17_dwz_sync_features.TestBatchNotifyByStage" name="test_batch_notify_with_notification_type" time="0.039" /><testcase classname="tests.test_iteration17_dwz_sync_features.TestDWZSyncLogs" name="test_get_sync_logs" time="0.039" /><testcase classname="tests.test_iteration17_dwz_sync_features.TestDWZSyncLogs" name="test_get_sync_logs_with_limit" time="0.039" /><testcase classname="tests.test_iteration17_dwz_sync_features.TestLogOrderEvent" name="test_log_custom_event" time="0.048" /><testcase classname="tests.test_iteration17_dwz_sync_features.TestLogOrderEvent" name="test_log_event_without_details" time="1.609" /><testcase classname="tests.test_iteration17_dwz_sync_features.TestDWZTrackingStatus" name="test_get_tracking_status_nonexistent" time="0.631" /><testcase classname="tests.test_iteration17_dwz_sync_features.TestIntegration" name="test_sync_then_check_history" time="0.766" /><testcase classname="tests.test_iteration17_dwz_sync_features.TestIntegration" name="test_full_workflow" time="0.805" /></testsuite></testsuites>