<?xml version="1.0" encoding="utf-8"?><testsuites name="pytest tests"><testsuite name="pytest" errors="0" failures="0" skipped="0" tests="8" time="8.805" timestamp="2026-01-12T07:35:43.361959+00:00" hostname="agent-env-4395d2e1-e125-4532-beb0-78fe33782bdc"><testcase classname="tests.test_iteration32_dwz_creation.TestDwzCreationEndpoint" name="test_health_check" time="0.071" /><testcase classname="tests.test_iteration32_dwz_creation.TestDwzCreationEndpoint" name="test_create_dwz_endpoint_exists" time="1.100" /><testcase classname="tests.test_iteration32_dwz_creation.TestDwzCreationEndpoint" name="test_create_dwz_requires_order_id" time="0.042" /><testcase classname="tests.test_iteration32_dwz_creation.TestDwzCreationEndpoint" name="test_create_dwz_with_mock_order_id" time="0.704" /><testcase classname="tests.test_iteration32_dwz_creation.TestDwzCreationEndpoint" name="test_create_dwz_payload_structure" time="0.723" /><testcase classname="tests.test_iteration32_dwz_creation.TestDwzCreationEndpoint" name="test_create_dwz_destination_options" time="3.039" /><testcase classname="tests.test_iteration32_dwz_creation.TestOrdersEndpoint" name="test_orders_endpoint_exists" time="2.277" /><testcase classname="tests.test_iteration32_dwz_creation.TestOrdersEndpoint" name="test_orders_response_structure" time="0.782" /></testsuite></testsuites>