<?xml version="1.0" encoding="utf-8"?><testsuites name="pytest tests"><testsuite name="pytest" errors="0" failures="0" skipped="0" tests="14" time="30.282" timestamp="2026-01-07T09:08:53.565947+00:00" hostname="agent-env-d706c909-bf03-4c3c-889d-fede0c1031cc"><testcase classname="tests.test_iteration23_competitor_title_search.TestCompetitorTitleSearchEndpoint" name="test_search_by_title_basic" time="1.093" /><testcase classname="tests.test_iteration23_competitor_title_search.TestCompetitorTitleSearchEndpoint" name="test_search_by_title_with_all_fields" time="0.888" /><testcase classname="tests.test_iteration23_competitor_title_search.TestCompetitorTitleSearchEndpoint" name="test_search_by_title_empty_name" time="0.419" /><testcase classname="tests.test_iteration23_competitor_title_search.TestCompetitorTitleSearchEndpoint" name="test_search_by_title_zero_price" time="0.339" /><testcase classname="tests.test_iteration23_competitor_title_search.TestCompetitorTitleSearchEndpoint" name="test_search_by_title_response_structure" time="0.447" /><testcase classname="tests.test_iteration23_competitor_title_search.TestAnalyzeFromURLFallback" name="test_analyze_from_url_with_invalid_image" time="2.479" /><testcase classname="tests.test_iteration23_competitor_title_search.TestAnalyzeFromURLFallback" name="test_analyze_from_url_with_valid_shopify_image" time="1.459" /><testcase classname="tests.test_iteration23_competitor_title_search.TestAnalysisRetrieval" name="test_get_analyses_list" time="0.045" /><testcase classname="tests.test_iteration23_competitor_title_search.TestAnalysisRetrieval" name="test_get_single_analysis" time="21.719" /><testcase classname="tests.test_iteration23_competitor_title_search.TestAnalysisRetrieval" name="test_get_nonexistent_analysis" time="0.054" /><testcase classname="tests.test_iteration23_competitor_title_search.TestDashboardStats" name="test_dashboard_stats" time="0.046" /><testcase classname="tests.test_iteration23_competitor_title_search.TestSearchMethodBadges" name="test_image_search_method_value" time="0.049" /><testcase classname="tests.test_iteration23_competitor_title_search.TestSearchMethodBadges" name="test_title_search_creates_correct_method" time="0.936" /><testcase classname="tests.test_iteration23_competitor_title_search.TestCleanup" name="test_delete_test_analyses" time="0.236" /></testsuite></testsuites>