<?xml version="1.0" encoding="utf-8"?><testsuites name="pytest tests"><testsuite name="pytest" errors="0" failures="0" skipped="0" tests="19" time="19.105" timestamp="2026-01-06T18:24:13.602782+00:00" hostname="agent-env-bf310bc6-a023-4c14-9b08-a69aa0b416fc"><testcase classname="tests.test_iteration21_order_tracking.TestOrderTrackingAPIs" name="test_storefront_health" time="0.073" /><testcase classname="tests.test_iteration21_order_tracking.TestOrderTrackingAPIs" name="test_create_test_order_for_tracking" time="3.181" /><testcase classname="tests.test_iteration21_order_tracking.TestOrderTrackingAPIs" name="test_track_order_api" time="0.990" /><testcase classname="tests.test_iteration21_order_tracking.TestOrderTrackingAPIs" name="test_track_order_with_email_verification" time="1.357" /><testcase classname="tests.test_iteration21_order_tracking.TestOrderTrackingAPIs" name="test_track_order_with_wrong_email" time="2.187" /><testcase classname="tests.test_iteration21_order_tracking.TestOrderTrackingAPIs" name="test_track_nonexistent_order" time="0.041" /><testcase classname="tests.test_iteration21_order_tracking.TestOrderTrackingAPIs" name="test_update_order_status_to_confirmed" time="0.926" /><testcase classname="tests.test_iteration21_order_tracking.TestOrderTrackingAPIs" name="test_update_order_status_to_shipped_with_tracking" time="0.918" /><testcase classname="tests.test_iteration21_order_tracking.TestOrderTrackingAPIs" name="test_update_order_status_all_valid_statuses" time="1.099" /><testcase classname="tests.test_iteration21_order_tracking.TestOrderTrackingAPIs" name="test_update_order_status_cancelled" time="2.604" /><testcase classname="tests.test_iteration21_order_tracking.TestOrderTrackingAPIs" name="test_update_order_status_invalid_status" time="0.970" /><testcase classname="tests.test_iteration21_order_tracking.TestOrderTrackingAPIs" name="test_update_nonexistent_order_status" time="0.079" /><testcase classname="tests.test_iteration21_order_tracking.TestOrderTrackingAPIs" name="test_list_storefront_orders" time="0.914" /><testcase classname="tests.test_iteration21_order_tracking.TestOrderTrackingAPIs" name="test_list_storefront_orders_with_store_filter" time="1.533" /><testcase classname="tests.test_iteration21_order_tracking.TestOrderTrackingAPIs" name="test_list_storefront_orders_with_status_filter" time="0.059" /><testcase classname="tests.test_iteration21_order_tracking.TestOrderTrackingAPIs" name="test_list_storefront_orders_pagination" time="0.042" /><testcase classname="tests.test_iteration21_order_tracking.TestOrderTrackingAPIs" name="test_track_existing_order_sf26010618069467" time="0.041" /><testcase classname="tests.test_iteration21_order_tracking.TestOrderTrackingAPIs" name="test_order_has_estimated_delivery" time="1.068" /><testcase classname="tests.test_iteration21_order_tracking.TestOrderTrackingAPIs" name="test_status_history_has_timestamps" time="0.946" /></testsuite></testsuites>