<?xml version="1.0" encoding="utf-8"?><testsuites name="pytest tests"><testsuite name="pytest" errors="0" failures="0" skipped="0" tests="11" time="3.243" timestamp="2026-01-11T13:49:24.566077+00:00" hostname="agent-env-c5ae1571-94eb-463e-9b86-458eef67d534"><testcase classname="tests.test_iteration30_auth_session.TestSessionValidation" name="test_session_validation_with_valid_user_id" time="0.329" /><testcase classname="tests.test_iteration30_auth_session.TestSessionValidation" name="test_session_validation_with_invalid_user_id" time="0.046" /><testcase classname="tests.test_iteration30_auth_session.TestSessionValidation" name="test_session_validation_without_user_id" time="0.035" /><testcase classname="tests.test_iteration30_auth_session.TestSessionValidation" name="test_session_validation_with_empty_user_id" time="0.043" /><testcase classname="tests.test_iteration30_auth_session.TestSessionValidation" name="test_session_returns_permissions" time="0.290" /><testcase classname="tests.test_iteration30_auth_session.TestAIProductEditorEndpoints" name="test_shopify_products_endpoint" time="0.078" /><testcase classname="tests.test_iteration30_auth_session.TestAIProductEditorEndpoints" name="test_shopify_products_with_search" time="0.083" /><testcase classname="tests.test_iteration30_auth_session.TestAIProductEditorEndpoints" name="test_shopify_products_with_store_filter" time="0.074" /><testcase classname="tests.test_iteration30_auth_session.TestAIProductEditorEndpoints" name="test_shopify_products_linked_filter" time="1.636" /><testcase classname="tests.test_iteration30_auth_session.TestUserLogin" name="test_login_with_valid_credentials" time="0.263" /><testcase classname="tests.test_iteration30_auth_session.TestUserLogin" name="test_login_with_invalid_credentials" time="0.295" /></testsuite></testsuites>