<?xml version="1.0" encoding="utf-8"?><testsuites name="pytest tests"><testsuite name="pytest" errors="0" failures="0" skipped="0" tests="21" time="1.880" timestamp="2026-01-14T18:16:12.056648+00:00" hostname="agent-env-d32e355b-19eb-4eff-9f3a-cda30c5fd51d"><testcase classname="tests.test_iteration37_push_notifications.TestPushNotificationsAPI" name="test_register_device_success" time="0.081" /><testcase classname="tests.test_iteration37_push_notifications.TestPushNotificationsAPI" name="test_register_device_android" time="0.043" /><testcase classname="tests.test_iteration37_push_notifications.TestPushNotificationsAPI" name="test_register_device_update_existing" time="0.038" /><testcase classname="tests.test_iteration37_push_notifications.TestPushNotificationsAPI" name="test_register_device_missing_fields" time="0.042" /><testcase classname="tests.test_iteration37_push_notifications.TestPushNotificationsAPI" name="test_get_notification_stats" time="0.044" /><testcase classname="tests.test_iteration37_push_notifications.TestPushNotificationsAPI" name="test_get_notification_stats_with_store_filter" time="0.045" /><testcase classname="tests.test_iteration37_push_notifications.TestPushNotificationsAPI" name="test_send_notification_to_customer" time="0.164" /><testcase classname="tests.test_iteration37_push_notifications.TestPushNotificationsAPI" name="test_send_notification_no_devices" time="0.036" /><testcase classname="tests.test_iteration37_push_notifications.TestPushNotificationsAPI" name="test_send_template_notification_order_confirmed" time="0.152" /><testcase classname="tests.test_iteration37_push_notifications.TestPushNotificationsAPI" name="test_send_template_notification_order_shipped" time="0.149" /><testcase classname="tests.test_iteration37_push_notifications.TestPushNotificationsAPI" name="test_send_template_notification_invalid_template" time="0.037" /><testcase classname="tests.test_iteration37_push_notifications.TestPushNotificationsAPI" name="test_send_template_notification_no_devices" time="0.038" /><testcase classname="tests.test_iteration37_push_notifications.TestPushNotificationsAPI" name="test_notify_order_status_confirmed" time="0.146" /><testcase classname="tests.test_iteration37_push_notifications.TestPushNotificationsAPI" name="test_notify_order_status_shipped" time="0.159" /><testcase classname="tests.test_iteration37_push_notifications.TestPushNotificationsAPI" name="test_notify_order_status_delivered" time="0.109" /><testcase classname="tests.test_iteration37_push_notifications.TestPushNotificationsAPI" name="test_notify_order_status_unknown" time="0.038" /><testcase classname="tests.test_iteration37_push_notifications.TestPushNotificationsAPI" name="test_get_customer_devices" time="0.113" /><testcase classname="tests.test_iteration37_push_notifications.TestPushNotificationsAPI" name="test_unregister_device" time="0.078" /><testcase classname="tests.test_iteration37_push_notifications.TestPushNotificationsAPI" name="test_unregister_nonexistent_device" time="0.034" /><testcase classname="tests.test_iteration37_push_notifications.TestPushNotificationsAPI" name="test_send_bulk_notification" time="0.186" /><testcase classname="tests.test_iteration37_push_notifications.TestStoreContextCurrencyFunctions" name="test_currency_config_structure" time="0.054" /></testsuite></testsuites>