<?xml version="1.0" encoding="utf-8"?><testsuites name="pytest tests"><testsuite name="pytest" errors="0" failures="0" skipped="0" tests="13" time="1.774" timestamp="2026-01-05T13:37:33.064900+00:00" hostname="agent-env-83a86838-a908-4bdd-ba6d-5f4b5400b1fc"><testcase classname="tests.test_auto_link_feature.TestGet1688LinkEndpoint" name="test_get_1688_link_with_valid_sku" time="0.830" /><testcase classname="tests.test_auto_link_feature.TestGet1688LinkEndpoint" name="test_get_1688_link_second_sku" time="0.041" /><testcase classname="tests.test_auto_link_feature.TestGet1688LinkEndpoint" name="test_get_1688_link_no_product_id_in_sku" time="0.041" /><testcase classname="tests.test_auto_link_feature.TestGet1688LinkEndpoint" name="test_get_1688_link_missing_params" time="0.037" /><testcase classname="tests.test_auto_link_feature.TestGet1688LinkEndpoint" name="test_sku_format_extraction" time="0.113" /><testcase classname="tests.test_auto_link_feature.TestBulkAutoLinkEndpoint" name="test_bulk_auto_link_valid_skus" time="0.082" /><testcase classname="tests.test_auto_link_feature.TestBulkAutoLinkEndpoint" name="test_bulk_auto_link_mixed_skus" time="0.039" /><testcase classname="tests.test_auto_link_feature.TestBulkAutoLinkEndpoint" name="test_bulk_auto_link_empty_skus" time="0.040" /><testcase classname="tests.test_auto_link_feature.TestOrdersWithLinkableProducts" name="test_get_orders_with_linkable_products" time="0.078" /><testcase classname="tests.test_auto_link_feature.TestOrdersWithLinkableProducts" name="test_order_99001_has_linked_products" time="0.092" /><testcase classname="tests.test_auto_link_feature.TestOrdersWithLinkableProducts" name="test_order_line_item_link_data" time="0.091" /><testcase classname="tests.test_auto_link_feature.TestOrdersWithLinkableProducts" name="test_orders_filter_by_store" time="0.085" /><testcase classname="tests.test_auto_link_feature.TestEndToEndAutoLinkFlow" name="test_complete_auto_link_flow" time="0.111" /></testsuite></testsuites>