<?xml version="1.0" encoding="utf-8"?><testsuites name="pytest tests"><testsuite name="pytest" errors="0" failures="0" skipped="0" tests="15" time="13.926" timestamp="2026-03-30T13:12:05.708971+00:00" hostname="agent-env-b54273c3-ce7f-4192-84d4-e9598bddc38f"><testcase classname="backend.tests.test_logistics.TestLogisticsAuthStatus" name="test_auth_status_returns_success" time="2.971" /><testcase classname="backend.tests.test_logistics.TestLogisticsRateCalculator" name="test_calculate_rate_surface" time="1.168" /><testcase classname="backend.tests.test_logistics.TestLogisticsRateCalculator" name="test_compare_rates_surface_and_air" time="3.565" /><testcase classname="backend.tests.test_logistics.TestLogisticsRateCalculator" name="test_rate_calculation_missing_pincode" time="1.083" /><testcase classname="backend.tests.test_logistics.TestLogisticsBookings" name="test_list_bookings" time="0.098" /><testcase classname="backend.tests.test_logistics.TestLogisticsBookings" name="test_list_bookings_with_pagination" time="0.140" /><testcase classname="backend.tests.test_logistics.TestLogisticsTracking" name="test_track_existing_awb" time="2.557" /><testcase classname="backend.tests.test_logistics.TestLogisticsTracking" name="test_track_history" time="1.126" /><testcase classname="backend.tests.test_logistics.TestLogisticsBookOrder" name="test_book_order_validation" time="0.130" /><testcase classname="backend.tests.test_logistics.TestShippableOrders" name="test_get_shippable_orders" time="0.161" /><testcase classname="backend.tests.test_logistics.TestShippableOrders" name="test_shippable_orders_search_filter" time="0.199" /><testcase classname="backend.tests.test_logistics.TestShippableOrders" name="test_shippable_orders_pagination" time="0.315" /><testcase classname="backend.tests.test_logistics.TestBulkPush" name="test_bulk_push_invalid_order" time="0.110" /><testcase classname="backend.tests.test_logistics.TestBulkPush" name="test_bulk_push_empty_list" time="0.101" /><testcase classname="backend.tests.test_logistics.TestBulkPush" name="test_bulk_push_validation" time="0.116" /></testsuite></testsuites>