<?xml version="1.0" encoding="utf-8"?><testsuites name="pytest tests"><testsuite name="pytest" errors="0" failures="0" skipped="0" tests="32" time="6.076" timestamp="2026-01-07T09:46:58.612049+00:00" hostname="agent-env-d706c909-bf03-4c3c-889d-fede0c1031cc"><testcase classname="tests.test_iteration24_currency_refactor.TestCurrencyConversionService" name="test_currency_rates_endpoint_exists" time="0.093" /><testcase classname="tests.test_iteration24_currency_refactor.TestCurrencyConversionService" name="test_currency_rates_response_structure" time="0.039" /><testcase classname="tests.test_iteration24_currency_refactor.TestCurrencyConversionService" name="test_currency_rates_base_currency_is_inr" time="0.039" /><testcase classname="tests.test_iteration24_currency_refactor.TestCurrencyConversionService" name="test_currency_rates_contains_supported_currencies" time="0.039" /><testcase classname="tests.test_iteration24_currency_refactor.TestCurrencyConversionService" name="test_currency_rates_values_reasonable" time="0.039" /><testcase classname="tests.test_iteration24_currency_refactor.TestMarketingStatsEndpoint" name="test_marketing_stats_endpoint_exists" time="0.682" /><testcase classname="tests.test_iteration24_currency_refactor.TestMarketingStatsEndpoint" name="test_marketing_stats_response_structure" time="0.618" /><testcase classname="tests.test_iteration24_currency_refactor.TestMarketingStatsEndpoint" name="test_marketing_stats_contains_revenue_fields" time="2.219" /><testcase classname="tests.test_iteration24_currency_refactor.TestMarketingStatsEndpoint" name="test_marketing_stats_contains_order_fields" time="0.643" /><testcase classname="tests.test_iteration24_currency_refactor.TestMarketingStatsEndpoint" name="test_marketing_stats_no_datetime_error" time="0.721" /><testcase classname="tests.test_iteration24_currency_refactor.TestMarketingCampaignsEndpoint" name="test_marketing_campaigns_endpoint_exists" time="0.058" /><testcase classname="tests.test_iteration24_currency_refactor.TestMarketingCampaignsEndpoint" name="test_marketing_campaigns_response_structure" time="0.034" /><testcase classname="tests.test_iteration24_currency_refactor.TestSettingsAutoSyncEndpoint" name="test_settings_auto_sync_endpoint_exists" time="0.039" /><testcase classname="tests.test_iteration24_currency_refactor.TestSettingsAutoSyncEndpoint" name="test_settings_auto_sync_response_structure" time="0.039" /><testcase classname="tests.test_iteration24_currency_refactor.TestSettingsAutoSyncEndpoint" name="test_settings_auto_sync_has_interval" time="0.050" /><testcase classname="tests.test_iteration24_currency_refactor.TestSettingsAutoSyncEndpoint" name="test_settings_auto_sync_has_sync_options" time="0.038" /><testcase classname="tests.test_iteration24_currency_refactor.TestSettingsNotificationsEndpoint" name="test_settings_notifications_endpoint_exists" time="0.036" /><testcase classname="tests.test_iteration24_currency_refactor.TestSettingsNotificationsEndpoint" name="test_settings_notifications_response_structure" time="0.036" /><testcase classname="tests.test_iteration24_currency_refactor.TestSettingsGeneralEndpoint" name="test_settings_general_endpoint_exists" time="0.037" /><testcase classname="tests.test_iteration24_currency_refactor.TestSettingsGeneralEndpoint" name="test_settings_general_response_structure" time="0.036" /><testcase classname="tests.test_iteration24_currency_refactor.TestShopifySyncStatusEndpoint" name="test_shopify_sync_status_endpoint_returns_404_for_nonexistent_job" time="0.034" /><testcase classname="tests.test_iteration24_currency_refactor.TestShopifySyncStatusEndpoint" name="test_shopify_sync_status_response_structure_for_nonexistent" time="0.035" /><testcase classname="tests.test_iteration24_currency_refactor.TestWhatsAppConversationsEndpoint" name="test_whatsapp_conversations_endpoint_exists" time="0.033" /><testcase classname="tests.test_iteration24_currency_refactor.TestWhatsAppConversationsEndpoint" name="test_whatsapp_conversations_response_structure" time="0.035" /><testcase classname="tests.test_iteration24_currency_refactor.TestWhatsAppConversationsEndpoint" name="test_whatsapp_conversations_has_count" time="0.036" /><testcase classname="tests.test_iteration24_currency_refactor.TestCompetitorDashboardStats" name="test_competitor_dashboard_stats_endpoint_exists" time="0.040" /><testcase classname="tests.test_iteration24_currency_refactor.TestCompetitorDashboardStats" name="test_competitor_dashboard_stats_response_structure" time="0.041" /><testcase classname="tests.test_iteration24_currency_refactor.TestCompetitorDashboardStats" name="test_competitor_dashboard_stats_fields" time="0.039" /><testcase classname="tests.test_iteration24_currency_refactor.TestCompetitorAnalysesEndpoint" name="test_competitor_analyses_endpoint_exists" time="0.043" /><testcase classname="tests.test_iteration24_currency_refactor.TestCompetitorAnalysesEndpoint" name="test_competitor_analyses_response_structure" time="0.044" /><testcase classname="tests.test_iteration24_currency_refactor.TestHealthAndBasicEndpoints" name="test_root_endpoint" time="0.035" /><testcase classname="tests.test_iteration24_currency_refactor.TestHealthAndBasicEndpoints" name="test_scheduler_status_endpoint" time="0.034" /></testsuite></testsuites>