<?xml version="1.0" encoding="utf-8"?><testsuites name="pytest tests"><testsuite name="pytest" errors="0" failures="0" skipped="0" tests="9" time="14.383" timestamp="2026-03-30T12:56:28.865315+00:00" hostname="agent-env-b54273c3-ce7f-4192-84d4-e9598bddc38f"><testcase classname="tests.test_logistics.TestLogisticsAuthStatus" name="test_auth_status_returns_success" time="1.409" /><testcase classname="tests.test_logistics.TestLogisticsRateCalculator" name="test_calculate_rate_surface" time="2.549" /><testcase classname="tests.test_logistics.TestLogisticsRateCalculator" name="test_compare_rates_surface_and_air" time="2.357" /><testcase classname="tests.test_logistics.TestLogisticsRateCalculator" name="test_rate_calculation_missing_pincode" time="2.636" /><testcase classname="tests.test_logistics.TestLogisticsBookings" name="test_list_bookings" time="0.602" /><testcase classname="tests.test_logistics.TestLogisticsBookings" name="test_list_bookings_with_pagination" time="0.112" /><testcase classname="tests.test_logistics.TestLogisticsTracking" name="test_track_existing_awb" time="1.205" /><testcase classname="tests.test_logistics.TestLogisticsTracking" name="test_track_history" time="3.331" /><testcase classname="tests.test_logistics.TestLogisticsBookOrder" name="test_book_order_validation" time="0.121" /></testsuite></testsuites>