<?xml version="1.0" encoding="utf-8"?><testsuites name="pytest tests"><testsuite name="pytest" errors="0" failures="0" skipped="0" tests="21" time="1.245" timestamp="2026-01-14T16:41:54.055825+00:00" hostname="agent-env-d7f105d9-6c69-4583-9d0f-f5024c9b768b"><testcase classname="tests.test_iteration35_mega_menu.TestMegaMenuGetConfig" name="test_get_config_tnvcollection" time="0.086" /><testcase classname="tests.test_iteration35_mega_menu.TestMegaMenuGetConfig" name="test_get_config_tnvcollectionpk" time="0.040" /><testcase classname="tests.test_iteration35_mega_menu.TestMegaMenuGetConfig" name="test_get_config_global_settings" time="0.045" /><testcase classname="tests.test_iteration35_mega_menu.TestMegaMenuSections" name="test_fashion_section_structure" time="0.082" /><testcase classname="tests.test_iteration35_mega_menu.TestMegaMenuSections" name="test_women_section_structure" time="0.039" /><testcase classname="tests.test_iteration35_mega_menu.TestMegaMenuSections" name="test_men_section_structure" time="0.038" /><testcase classname="tests.test_iteration35_mega_menu.TestMegaMenuSections" name="test_beauty_section_structure" time="0.037" /><testcase classname="tests.test_iteration35_mega_menu.TestMegaMenuSections" name="test_section_not_found" time="0.037" /><testcase classname="tests.test_iteration35_mega_menu.TestMegaMenuColumns" name="test_column_has_items" time="0.035" /><testcase classname="tests.test_iteration35_mega_menu.TestMegaMenuColumns" name="test_item_structure" time="0.044" /><testcase classname="tests.test_iteration35_mega_menu.TestMegaMenuPromoBanners" name="test_fashion_has_promo_banner" time="0.039" /><testcase classname="tests.test_iteration35_mega_menu.TestMegaMenuPromoBanners" name="test_promo_banner_structure" time="0.042" /><testcase classname="tests.test_iteration35_mega_menu.TestMegaMenuQuickLinks" name="test_fashion_has_quick_links" time="0.038" /><testcase classname="tests.test_iteration35_mega_menu.TestMegaMenuQuickLinks" name="test_quick_link_structure" time="0.040" /><testcase classname="tests.test_iteration35_mega_menu.TestMegaMenuSaveConfig" name="test_save_config" time="0.087" /><testcase classname="tests.test_iteration35_mega_menu.TestMegaMenuUpdateSection" name="test_update_section" time="0.082" /><testcase classname="tests.test_iteration35_mega_menu.TestMegaMenuGlobalSettings" name="test_update_global_settings" time="0.085" /><testcase classname="tests.test_iteration35_mega_menu.TestMegaMenuClone" name="test_clone_menu" time="0.081" /><testcase classname="tests.test_iteration35_mega_menu.TestMegaMenuStoreSpecific" name="test_india_store_config" time="0.036" /><testcase classname="tests.test_iteration35_mega_menu.TestMegaMenuStoreSpecific" name="test_pakistan_store_config" time="0.039" /><testcase classname="tests.test_iteration35_mega_menu.TestMegaMenuStoreSpecific" name="test_stores_have_same_default_sections" time="0.092" /></testsuite></testsuites>