<?xml version="1.0" encoding="utf-8"?><testsuites name="pytest tests"><testsuite name="pytest" errors="0" failures="0" skipped="0" tests="12" time="2.379" timestamp="2026-01-03T10:02:21.323947+00:00" hostname="agent-env-9f14c1ff-9ad9-4e0c-a191-b4ca604455b7"><testcase classname="tests.test_new_features.Test1688AuthEndpoints" name="test_1688_auth_url" time="0.091" /><testcase classname="tests.test_new_features.Test1688AuthEndpoints" name="test_1688_auth_test" time="1.815" /><testcase classname="tests.test_new_features.TestFulfillmentPipelineAPIs" name="test_fulfillment_pipeline_returns_orders" time="0.042" /><testcase classname="tests.test_new_features.TestFulfillmentPipelineAPIs" name="test_fulfillment_pending_purchase_returns_orders" time="0.052" /><testcase classname="tests.test_new_features.TestFulfillmentPipelineAPIs" name="test_fulfillment_stats_returns_statistics" time="0.037" /><testcase classname="tests.test_new_features.TestFulfillmentPipelineAPIs" name="test_fulfillment_process_new_order_requires_customer_id" time="0.036" /><testcase classname="tests.test_new_features.TestFulfillmentPipelineAPIs" name="test_fulfillment_process_new_order_with_invalid_customer" time="0.043" /><testcase classname="tests.test_new_features.TestFulfillmentPipelineAPIs" name="test_fulfillment_process_new_order_with_valid_customer" time="0.064" /><testcase classname="tests.test_new_features.TestFulfillmentPipelineFiltering" name="test_pipeline_status_filter" time="0.037" /><testcase classname="tests.test_new_features.TestFulfillmentPipelineFiltering" name="test_pipeline_pagination" time="0.036" /><testcase classname="tests.test_new_features.Test1688HealthAndCatalog" name="test_1688_health" time="0.033" /><testcase classname="tests.test_new_features.Test1688HealthAndCatalog" name="test_1688_catalog_exists" time="0.035" /></testsuite></testsuites>