<?xml version="1.0" encoding="utf-8"?><testsuites name="pytest tests"><testsuite name="pytest" errors="0" failures="2" skipped="0" tests="20" time="3.779" timestamp="2026-01-05T18:37:40.124161+00:00" hostname="agent-env-939ecd88-822c-4554-9c0f-59fb204fed6e"><testcase classname="tests.test_iteration15_new_features.TestExtensionImportEndpoint" name="test_extension_import_basic" time="0.072" /><testcase classname="tests.test_iteration15_new_features.TestExtensionImportEndpoint" name="test_extension_import_multiple_products" time="0.046" /><testcase classname="tests.test_iteration15_new_features.TestExtensionImportEndpoint" name="test_extension_import_with_full_data" time="0.041" /><testcase classname="tests.test_iteration15_new_features.TestExtensionImportEndpoint" name="test_extension_import_empty_products" time="0.048" /><testcase classname="tests.test_iteration15_new_features.TestShopifyFulfillmentSyncEndpoints" name="test_sync_stage_local_shipped" time="0.038" /><testcase classname="tests.test_iteration15_new_features.TestShopifyFulfillmentSyncEndpoints" name="test_sync_stage_invalid_stage" time="0.053" /><testcase classname="tests.test_iteration15_new_features.TestShopifyFulfillmentSyncEndpoints" name="test_pending_sync_no_filter" time="0.046" /><testcase classname="tests.test_iteration15_new_features.TestShopifyFulfillmentSyncEndpoints" name="test_pending_sync_with_store_filter" time="0.040" /><testcase classname="tests.test_iteration15_new_features.TestShopifyFulfillmentSyncEndpoints" name="test_sync_logs_no_filter" time="0.038" /><testcase classname="tests.test_iteration15_new_features.TestShopifyFulfillmentSyncEndpoints" name="test_sync_logs_with_store_filter" time="0.045" /><testcase classname="tests.test_iteration15_new_features.TestShopifyFulfillmentSyncEndpoints" name="test_sync_single_order" time="0.070" /><testcase classname="tests.test_iteration15_new_features.TestShopifyFulfillmentSyncEndpoints" name="test_auto_sync_on_stage_change_non_trigger_stage" time="1.535" /><testcase classname="tests.test_iteration15_new_features.TestFulfillmentPipelineAutoSync" name="test_update_stage_to_local_shipped_triggers_sync" time="0.119"><failure message="assert 404 == 200&#10; +  where 404 = &lt;Response [404]&gt;.status_code">tests/test_iteration15_new_features.py:278: in test_update_stage_to_local_shipped_triggers_sync
    assert update_response.status_code == 200
E   assert 404 == 200
E    +  where 404 = &lt;Response [404]&gt;.status_code</failure></testcase><testcase classname="tests.test_iteration15_new_features.TestFulfillmentPipelineAutoSync" name="test_update_stage_to_non_sync_stage" time="0.155"><failure message="assert 404 == 200&#10; +  where 404 = &lt;Response [404]&gt;.status_code">tests/test_iteration15_new_features.py:311: in test_update_stage_to_non_sync_stage
    assert update_response.status_code == 200
E   assert 404 == 200
E    +  where 404 = &lt;Response [404]&gt;.status_code</failure></testcase><testcase classname="tests.test_iteration15_new_features.TestSyncToShopifyButton" name="test_sync_to_shopify_for_tnvcollectionpk" time="0.040" /><testcase classname="tests.test_iteration15_new_features.TestSyncToShopifyButton" name="test_sync_to_shopify_for_tnvcollection" time="0.039" /><testcase classname="tests.test_iteration15_new_features.TestShopifyFulfillmentSyncService" name="test_store_carriers_config" time="0.048" /><testcase classname="tests.test_iteration15_new_features.TestShopifyFulfillmentSyncService" name="test_fulfillment_stages_config" time="0.061" /><testcase classname="tests.test_iteration15_new_features.TestJobStatusEndpoint" name="test_get_job_status_not_found" time="0.037" /><testcase classname="tests.test_iteration15_new_features.TestJobStatusEndpoint" name="test_get_job_status_after_import" time="1.085" /></testsuite></testsuites>