<?xml version="1.0" encoding="utf-8"?><testsuites name="pytest tests"><testsuite name="pytest" errors="0" failures="0" skipped="0" tests="18" time="4.478" timestamp="2026-01-07T11:41:55.673733+00:00" hostname="agent-env-d706c909-bf03-4c3c-889d-fede0c1031cc"><testcase classname="tests.test_iteration26_price_comparison.TestBulkLookupAPI" name="test_bulk_lookup_empty_product_ids" time="0.168" /><testcase classname="tests.test_iteration26_price_comparison.TestBulkLookupAPI" name="test_bulk_lookup_single_product" time="0.042" /><testcase classname="tests.test_iteration26_price_comparison.TestBulkLookupAPI" name="test_bulk_lookup_multiple_products" time="0.040" /><testcase classname="tests.test_iteration26_price_comparison.TestBulkLookupAPI" name="test_bulk_lookup_without_store_name" time="0.040" /><testcase classname="tests.test_iteration26_price_comparison.TestBulkLookupAPI" name="test_bulk_lookup_invalid_request" time="0.036" /><testcase classname="tests.test_iteration26_price_comparison.TestShopifyProductsAPI" name="test_get_products_basic" time="0.061" /><testcase classname="tests.test_iteration26_price_comparison.TestShopifyProductsAPI" name="test_get_products_with_search" time="0.069" /><testcase classname="tests.test_iteration26_price_comparison.TestShopifyProductsAPI" name="test_get_products_pagination" time="0.110" /><testcase classname="tests.test_iteration26_price_comparison.TestDashboardStatsAPI" name="test_dashboard_stats" time="0.039" /><testcase classname="tests.test_iteration26_price_comparison.TestAnalyzeFromURLAPI" name="test_analyze_from_url_missing_fields" time="0.040" /><testcase classname="tests.test_iteration26_price_comparison.TestAnalyzeFromURLAPI" name="test_analyze_from_url_valid_request" time="1.120" /><testcase classname="tests.test_iteration26_price_comparison.TestNotificationsAPI" name="test_get_notifications" time="0.056" /><testcase classname="tests.test_iteration26_price_comparison.TestNotificationsAPI" name="test_get_notifications_with_limit" time="0.038" /><testcase classname="tests.test_iteration26_price_comparison.TestCurrencyRatesAPI" name="test_currency_rates" time="2.278" /><testcase classname="tests.test_iteration26_price_comparison.TestAnalysesListAPI" name="test_get_analyses_list" time="0.063" /><testcase classname="tests.test_iteration26_price_comparison.TestAnalysesListAPI" name="test_get_analyses_with_category_filter" time="0.064" /><testcase classname="tests.test_iteration26_price_comparison.TestExtractPricesAPI" name="test_extract_prices_empty_urls" time="0.075" /><testcase classname="tests.test_iteration26_price_comparison.TestExtractPricesAPI" name="test_extract_prices_too_many_urls" time="0.068" /></testsuite></testsuites>