<?xml version="1.0" encoding="utf-8"?><testsuites name="pytest tests"><testsuite name="pytest" errors="0" failures="0" skipped="0" tests="20" time="1.237" timestamp="2026-01-06T18:37:26.920179+00:00" hostname="agent-env-bf310bc6-a023-4c14-9b08-a69aa0b416fc"><testcase classname="tests.test_iteration22_storefront_orders.TestStorefrontOrdersAPI" name="test_list_orders_returns_success" time="0.120" /><testcase classname="tests.test_iteration22_storefront_orders.TestStorefrontOrdersAPI" name="test_list_orders_returns_order_structure" time="0.045" /><testcase classname="tests.test_iteration22_storefront_orders.TestStorefrontOrdersAPI" name="test_list_orders_with_status_filter" time="0.044" /><testcase classname="tests.test_iteration22_storefront_orders.TestStorefrontOrdersAPI" name="test_list_orders_with_pagination" time="0.042" /><testcase classname="tests.test_iteration22_storefront_orders.TestStorefrontOrdersAPI" name="test_get_order_by_id" time="0.086" /><testcase classname="tests.test_iteration22_storefront_orders.TestStorefrontOrdersAPI" name="test_get_order_not_found" time="0.042" /><testcase classname="tests.test_iteration22_storefront_orders.TestStorefrontOrdersAPI" name="test_update_order_status_success" time="0.131" /><testcase classname="tests.test_iteration22_storefront_orders.TestStorefrontOrdersAPI" name="test_update_order_status_with_tracking" time="0.117" /><testcase classname="tests.test_iteration22_storefront_orders.TestStorefrontOrdersAPI" name="test_update_order_status_invalid_status" time="0.080" /><testcase classname="tests.test_iteration22_storefront_orders.TestStorefrontOrdersAPI" name="test_update_order_status_not_found" time="0.038" /><testcase classname="tests.test_iteration22_storefront_orders.TestStorefrontOrdersAPI" name="test_status_history_is_tracked" time="0.042" /><testcase classname="tests.test_iteration22_storefront_orders.TestStorefrontOrdersAPI" name="test_orders_have_correct_status_values" time="0.041" /><testcase classname="tests.test_iteration22_storefront_orders.TestStorefrontOrdersAPI" name="test_orders_have_payment_status" time="0.042" /><testcase classname="tests.test_iteration22_storefront_orders.TestStorefrontOrdersAPI" name="test_orders_have_customer_info" time="0.040" /><testcase classname="tests.test_iteration22_storefront_orders.TestStorefrontOrdersAPI" name="test_search_by_order_id" time="0.039" /><testcase classname="tests.test_iteration22_storefront_orders.TestStorefrontOrdersAPI" name="test_filter_by_confirmed_status" time="0.046" /><testcase classname="tests.test_iteration22_storefront_orders.TestStorefrontOrdersAPI" name="test_filter_by_shipped_status" time="0.042" /><testcase classname="tests.test_iteration22_storefront_orders.TestStorefrontOrdersAPI" name="test_filter_by_delivered_status" time="0.041" /><testcase classname="tests.test_iteration22_storefront_orders.TestStorefrontOrdersAPI" name="test_filter_by_cancelled_status" time="0.042" /><testcase classname="tests.test_iteration22_storefront_orders.TestStorefrontHealthCheck" name="test_health_check" time="0.038" /></testsuite></testsuites>