<?xml version="1.0" encoding="utf-8"?><testsuites name="pytest tests"><testsuite name="pytest" errors="0" failures="1" skipped="1" tests="12" time="0.817" timestamp="2026-01-10T07:21:43.605721+00:00" hostname="agent-env-0245d1b0-6192-48ed-9fcf-866f6b6a81e4"><testcase classname="tests.test_iteration28_restore_purchase.TestRestorePurchaseEndpoint" name="test_restore_purchase_404_for_nonexistent_order" time="0.100" /><testcase classname="tests.test_iteration28_restore_purchase.TestRestorePurchaseEndpoint" name="test_restore_purchase_400_if_already_has_active_purchase" time="0.087" /><testcase classname="tests.test_iteration28_restore_purchase.TestRestorePurchaseEndpoint" name="test_restore_purchase_400_if_no_cancelled_purchases" time="0.081" /><testcase classname="tests.test_iteration28_restore_purchase.TestGetCancelledPurchasesEndpoint" name="test_get_cancelled_purchases_404_for_nonexistent_order" time="0.034" /><testcase classname="tests.test_iteration28_restore_purchase.TestGetCancelledPurchasesEndpoint" name="test_get_cancelled_purchases_returns_correct_structure" time="0.085" /><testcase classname="tests.test_iteration28_restore_purchase.TestRestorePurchaseIntegration" name="test_order_29477_has_cancelled_purchases" time="0.038" /><testcase classname="tests.test_iteration28_restore_purchase.TestRestorePurchaseIntegration" name="test_order_29477_can_restore_status" time="0.036" /><testcase classname="tests.test_iteration28_restore_purchase.TestRestorePurchaseIntegration" name="test_restore_purchase_success_flow" time="0.105" /><testcase classname="tests.test_iteration28_restore_purchase.TestRestorePurchaseIndexParameter" name="test_restore_invalid_index_returns_400" time="0.034"><skipped type="pytest.skip" message="Order has active purchase, cannot test restore">/app/tests/test_iteration28_restore_purchase.py:214: Order has active purchase, cannot test restore</skipped></testcase><testcase classname="tests.test_iteration28_restore_purchase.TestPipelineFiltersWithCancelledPurchases" name="test_pipeline_returns_cancelled_purchases_in_orders" time="0.044" /><testcase classname="tests.test_iteration28_restore_purchase.TestHealthCheck" name="test_api_health" time="0.037"><failure message="assert 404 == 200&#10; +  where 404 = &lt;Response [404]&gt;.status_code">tests/test_iteration28_restore_purchase.py:256: in test_api_health
    assert response.status_code == 200
E   assert 404 == 200
E    +  where 404 = &lt;Response [404]&gt;.status_code</failure></testcase><testcase classname="tests.test_iteration28_restore_purchase.TestHealthCheck" name="test_pipeline_endpoint_accessible" time="0.047" /></testsuite></testsuites>