<?xml version="1.0" encoding="utf-8"?><testsuites name="pytest tests"><testsuite name="pytest" errors="0" failures="0" skipped="0" tests="15" time="0.762" timestamp="2026-01-14T15:59:52.018953+00:00" hostname="agent-env-d7f105d9-6c69-4583-9d0f-f5024c9b768b"><testcase classname="tests.test_iteration34_multi_store_currency.TestAnalyticsAPICurrency" name="test_analytics_overview_india_store_returns_inr" time="0.098" /><testcase classname="tests.test_iteration34_multi_store_currency.TestAnalyticsAPICurrency" name="test_analytics_overview_pakistan_store_returns_pkr" time="0.045" /><testcase classname="tests.test_iteration34_multi_store_currency.TestAnalyticsAPICurrency" name="test_analytics_overview_default_store_returns_inr" time="0.041" /><testcase classname="tests.test_iteration34_multi_store_currency.TestAnalyticsAPICurrency" name="test_analytics_overview_has_required_fields" time="0.040" /><testcase classname="tests.test_iteration34_multi_store_currency.TestCheckoutAPICurrency" name="test_checkout_cart_india_store_returns_inr" time="0.047" /><testcase classname="tests.test_iteration34_multi_store_currency.TestCheckoutAPICurrency" name="test_checkout_cart_pakistan_store_returns_pkr" time="0.041" /><testcase classname="tests.test_iteration34_multi_store_currency.TestCheckoutAPICurrency" name="test_checkout_cart_default_store_returns_inr" time="0.041" /><testcase classname="tests.test_iteration34_multi_store_currency.TestCheckoutAPICurrency" name="test_checkout_cart_has_required_fields" time="0.036" /><testcase classname="tests.test_iteration34_multi_store_currency.TestStoreConfigEndpoints" name="test_revenue_chart_endpoint" time="0.033" /><testcase classname="tests.test_iteration34_multi_store_currency.TestStoreConfigEndpoints" name="test_top_products_endpoint" time="0.034" /><testcase classname="tests.test_iteration34_multi_store_currency.TestStoreConfigEndpoints" name="test_orders_by_status_endpoint" time="0.039" /><testcase classname="tests.test_iteration34_multi_store_currency.TestStoreConfigEndpoints" name="test_customer_stats_endpoint" time="0.035" /><testcase classname="tests.test_iteration34_multi_store_currency.TestStoreConfigEndpoints" name="test_sales_by_category_endpoint" time="0.078" /><testcase classname="tests.test_iteration34_multi_store_currency.TestStoreConfigurations" name="test_india_store_config" time="0.040" /><testcase classname="tests.test_iteration34_multi_store_currency.TestStoreConfigurations" name="test_pakistan_store_config" time="0.038" /></testsuite></testsuites>