<?xml version="1.0" encoding="utf-8"?><testsuites name="pytest tests"><testsuite name="pytest" errors="0" failures="0" skipped="0" tests="19" time="2.216" timestamp="2026-01-07T09:58:30.065251+00:00" hostname="agent-env-d706c909-bf03-4c3c-889d-fede0c1031cc"><testcase classname="tests.test_iteration25_price_alerts.TestPriceAlertNotifications" name="test_get_notifications" time="0.059" /><testcase classname="tests.test_iteration25_price_alerts.TestPriceAlertNotifications" name="test_get_notifications_with_limit" time="0.045" /><testcase classname="tests.test_iteration25_price_alerts.TestPriceAlertNotifications" name="test_get_notifications_unread_only" time="0.039" /><testcase classname="tests.test_iteration25_price_alerts.TestPriceAlertNotifications" name="test_notification_structure" time="0.045" /><testcase classname="tests.test_iteration25_price_alerts.TestMarkNotificationRead" name="test_mark_notification_read_success" time="0.110" /><testcase classname="tests.test_iteration25_price_alerts.TestMarkNotificationRead" name="test_mark_notification_read_not_found" time="0.038" /><testcase classname="tests.test_iteration25_price_alerts.TestMarkNotificationRead" name="test_mark_all_notifications_read" time="0.044" /><testcase classname="tests.test_iteration25_price_alerts.TestAlertSettings" name="test_get_alert_settings_default" time="0.044" /><testcase classname="tests.test_iteration25_price_alerts.TestAlertSettings" name="test_update_alert_settings" time="0.038" /><testcase classname="tests.test_iteration25_price_alerts.TestAlertSettings" name="test_update_alert_settings_verify_persistence" time="0.076" /><testcase classname="tests.test_iteration25_price_alerts.TestCheckPriceAlerts" name="test_check_alerts_existing_analysis" time="0.079" /><testcase classname="tests.test_iteration25_price_alerts.TestCheckPriceAlerts" name="test_check_alerts_not_found" time="0.085" /><testcase classname="tests.test_iteration25_price_alerts.TestCompetitorDashboardStats" name="test_dashboard_stats" time="0.043" /><testcase classname="tests.test_iteration25_price_alerts.TestMarketingEndpoints" name="test_marketing_stats" time="0.634" /><testcase classname="tests.test_iteration25_price_alerts.TestMarketingEndpoints" name="test_marketing_campaigns" time="0.078" /><testcase classname="tests.test_iteration25_price_alerts.TestWhatsAppEndpoints" name="test_whatsapp_conversations" time="0.036" /><testcase classname="tests.test_iteration25_price_alerts.TestCurrencyRates" name="test_currency_rates" time="0.408" /><testcase classname="tests.test_iteration25_price_alerts.TestIntegrationFlow" name="test_full_notification_flow" time="0.116" /><testcase classname="tests.test_iteration25_price_alerts.TestIntegrationFlow" name="test_alert_settings_flow" time="0.110" /></testsuite></testsuites>