<?xml version="1.0" encoding="utf-8"?><testsuites name="pytest tests"><testsuite name="pytest" errors="0" failures="0" skipped="0" tests="13" time="1.549" timestamp="2026-01-05T18:20:23.635907+00:00" hostname="agent-env-939ecd88-822c-4554-9c0f-59fb204fed6e"><testcase classname="tests.test_iteration14_fulfillment_pipeline.TestFulfillmentPipelineAPIs" name="test_stores_endpoint" time="0.068" /><testcase classname="tests.test_iteration14_fulfillment_pipeline.TestFulfillmentPipelineAPIs" name="test_pipeline_get_orders" time="0.047" /><testcase classname="tests.test_iteration14_fulfillment_pipeline.TestFulfillmentPipelineAPIs" name="test_pipeline_stats" time="0.041" /><testcase classname="tests.test_iteration14_fulfillment_pipeline.TestFulfillmentPipelineAPIs" name="test_pipeline_analytics" time="0.050" /><testcase classname="tests.test_iteration14_fulfillment_pipeline.TestFulfillmentPipelineAPIs" name="test_pipeline_export_csv" time="0.040" /><testcase classname="tests.test_iteration14_fulfillment_pipeline.TestFulfillmentPipelineAPIs" name="test_pipeline_export_json" time="0.045" /><testcase classname="tests.test_iteration14_fulfillment_pipeline.TestFulfillmentPipelineAPIs" name="test_sync_from_shopify" time="0.060" /><testcase classname="tests.test_iteration14_fulfillment_pipeline.TestFulfillmentPipelineAPIs" name="test_carriers_endpoint" time="0.040" /><testcase classname="tests.test_iteration14_fulfillment_pipeline.TestFulfillmentPipelineAPIs" name="test_pipeline_filter_by_stage" time="0.043" /><testcase classname="tests.test_iteration14_fulfillment_pipeline.TestFulfillmentPipelineOrderOperations" name="test_get_order_details" time="0.047" /><testcase classname="tests.test_iteration14_fulfillment_pipeline.TestFulfillmentPipelineOrderOperations" name="test_update_order_stage" time="0.059" /><testcase classname="tests.test_iteration14_fulfillment_pipeline.TestImageSearchService" name="test_image_search_endpoint_exists" time="0.887" /><testcase classname="tests.test_iteration14_fulfillment_pipeline.TestWhatsAppNotifications" name="test_notify_whatsapp_endpoint" time="0.045" /></testsuite></testsuites>