<?xml version="1.0" encoding="utf-8"?><testsuites name="pytest tests"><testsuite name="pytest" errors="0" failures="0" skipped="0" tests="9" time="17.358" timestamp="2026-01-05T10:39:37.285128+00:00" hostname="agent-env-83a86838-a908-4bdd-ba6d-5f4b5400b1fc"><testcase classname="tests.test_product_edit_modal.TestProductScraperAPI" name="test_get_products_returns_list" time="14.982" /><testcase classname="tests.test_product_edit_modal.TestProductScraperAPI" name="test_product_has_images" time="0.061" /><testcase classname="tests.test_product_edit_modal.TestProductScraperAPI" name="test_product_has_variants_with_color_size" time="0.043" /><testcase classname="tests.test_product_edit_modal.TestProductScraperAPI" name="test_variant_props_names_parsing" time="0.040" /><testcase classname="tests.test_product_edit_modal.TestProductScraperAPI" name="test_fetch_product_details_endpoint" time="1.948" /><testcase classname="tests.test_product_edit_modal.TestProductScraperAPI" name="test_product_update_endpoint" time="0.087" /><testcase classname="tests.test_product_edit_modal.TestProductDataIntegrity" name="test_all_variants_have_prices" time="0.048" /><testcase classname="tests.test_product_edit_modal.TestProductDataIntegrity" name="test_color_values_are_not_placeholders" time="0.041" /><testcase classname="tests.test_product_edit_modal.TestProductDataIntegrity" name="test_size_values_are_not_placeholders" time="0.043" /></testsuite></testsuites>