<?xml version="1.0" encoding="utf-8"?><testsuites name="pytest tests"><testsuite name="pytest" errors="0" failures="0" skipped="0" tests="21" time="16.482" timestamp="2026-03-31T14:06:31.313903+00:00" hostname="agent-env-b54273c3-ce7f-4192-84d4-e9598bddc38f"><testcase classname="backend.tests.test_logistics.TestLogisticsAuthStatus" name="test_auth_status_returns_success" time="2.735" /><testcase classname="backend.tests.test_logistics.TestLogisticsRateCalculator" name="test_calculate_rate_surface" time="1.134" /><testcase classname="backend.tests.test_logistics.TestLogisticsRateCalculator" name="test_compare_rates_surface_and_air" time="3.746" /><testcase classname="backend.tests.test_logistics.TestLogisticsRateCalculator" name="test_rate_calculation_missing_pincode" time="1.204" /><testcase classname="backend.tests.test_logistics.TestLogisticsBookings" name="test_list_bookings" time="0.103" /><testcase classname="backend.tests.test_logistics.TestLogisticsBookings" name="test_list_bookings_with_pagination" time="1.580" /><testcase classname="backend.tests.test_logistics.TestLogisticsTracking" name="test_track_existing_awb" time="1.100" /><testcase classname="backend.tests.test_logistics.TestLogisticsTracking" name="test_track_history" time="1.143" /><testcase classname="backend.tests.test_logistics.TestLogisticsBookOrder" name="test_book_order_validation" time="0.151" /><testcase classname="backend.tests.test_logistics.TestShippableOrders" name="test_get_shippable_orders" time="0.164" /><testcase classname="backend.tests.test_logistics.TestShippableOrders" name="test_shippable_orders_search_filter" time="0.209" /><testcase classname="backend.tests.test_logistics.TestShippableOrders" name="test_shippable_orders_pagination" time="1.693" /><testcase classname="backend.tests.test_logistics.TestBulkPush" name="test_bulk_push_invalid_order" time="0.110" /><testcase classname="backend.tests.test_logistics.TestBulkPush" name="test_bulk_push_empty_list" time="0.121" /><testcase classname="backend.tests.test_logistics.TestBulkPush" name="test_bulk_push_validation" time="0.105" /><testcase classname="backend.tests.test_logistics.TestAutoPushSettings" name="test_get_auto_push_settings" time="0.153" /><testcase classname="backend.tests.test_logistics.TestAutoPushSettings" name="test_save_auto_push_settings" time="0.111" /><testcase classname="backend.tests.test_logistics.TestAutoPushSettings" name="test_toggle_auto_push_off" time="0.114" /><testcase classname="backend.tests.test_logistics.TestAutoPushSettings" name="test_toggle_auto_push_on" time="0.108" /><testcase classname="backend.tests.test_logistics.TestWebhookManagement" name="test_list_webhooks" time="0.475" /><testcase classname="backend.tests.test_logistics.TestPushFailures" name="test_list_push_failures" time="0.103" /></testsuite></testsuites>