<?xml version="1.0" encoding="utf-8"?><testsuites name="pytest tests"><testsuite name="pytest" errors="0" failures="0" skipped="0" tests="11" time="16.430" timestamp="2026-01-05T12:53:39.962068+00:00" hostname="agent-env-83a86838-a908-4bdd-ba6d-5f4b5400b1fc"><testcase classname="tests.test_image_search.TestImageSearchAPI" name="test_image_search_returns_success" time="1.822" /><testcase classname="tests.test_image_search.TestImageSearchAPI" name="test_image_search_returns_products_with_required_fields" time="0.817" /><testcase classname="tests.test_image_search.TestImageSearchAPI" name="test_image_search_returns_factory_badge" time="0.739" /><testcase classname="tests.test_image_search.TestImageSearchAPI" name="test_image_search_pagination_page_1" time="2.328" /><testcase classname="tests.test_image_search.TestImageSearchAPI" name="test_image_search_pagination_page_2" time="1.503" /><testcase classname="tests.test_image_search.TestImageSearchAPI" name="test_image_search_total_count" time="0.737" /><testcase classname="tests.test_image_search.TestImageSearchAPI" name="test_image_search_product_url_format" time="2.365" /><testcase classname="tests.test_image_search.TestImageSearchAPI" name="test_image_search_with_sort_sales" time="1.459" /><testcase classname="tests.test_image_search.TestBatchImportFromImageSearch" name="test_batch_import_endpoint_exists" time="0.054" /><testcase classname="tests.test_image_search.TestBatchImportFromImageSearch" name="test_batch_import_returns_job_id" time="0.042" /><testcase classname="tests.test_image_search.TestBatchImportFromImageSearch" name="test_batch_import_with_image_search_product" time="4.490" /></testsuite></testsuites>