<?xml version="1.0" encoding="utf-8"?><testsuites name="pytest tests"><testsuite name="pytest" errors="0" failures="0" skipped="0" tests="12" time="0.650" timestamp="2026-01-05T16:33:09.261899+00:00" hostname="agent-env-1b7fce6b-52a4-45a0-b2bb-f36a8c663906"><testcase classname="tests.test_iteration13_purchase_1688.TestPurchase1688Orders" name="test_list_purchase_orders" time="0.083" /><testcase classname="tests.test_iteration13_purchase_1688.TestPurchase1688Orders" name="test_purchase_order_structure" time="0.044" /><testcase classname="tests.test_iteration13_purchase_1688.TestPurchase1688Orders" name="test_filter_by_status" time="0.041" /><testcase classname="tests.test_iteration13_purchase_1688.TestPurchase1688Orders" name="test_filter_by_shopify_order_id" time="0.081" /><testcase classname="tests.test_iteration13_purchase_1688.TestPurchase1688Orders" name="test_pagination" time="0.042" /><testcase classname="tests.test_iteration13_purchase_1688.TestPurchase1688Orders" name="test_order_details_content" time="0.044" /><testcase classname="tests.test_iteration13_purchase_1688.TestWebhookSecurity" name="test_security_config_endpoint" time="0.040" /><testcase classname="tests.test_iteration13_purchase_1688.TestWebhookSecurity" name="test_security_stats_endpoint" time="0.036" /><testcase classname="tests.test_iteration13_purchase_1688.TestWebhookSecurity" name="test_security_logs_endpoint" time="0.039" /><testcase classname="tests.test_iteration13_purchase_1688.TestWebhookEndpoints" name="test_webhook_logs_endpoint" time="0.044" /><testcase classname="tests.test_iteration13_purchase_1688.TestWebhookEndpoints" name="test_webhook_test_endpoint" time="0.044" /><testcase classname="tests.test_iteration13_purchase_1688.Test1688APIHealth" name="test_1688_health_endpoint" time="0.041" /></testsuite></testsuites>