<?xml version="1.0" encoding="utf-8"?><testsuites name="pytest tests"><testsuite name="pytest" errors="0" failures="0" skipped="0" tests="26" time="2.477" timestamp="2026-01-05T20:04:13.442867+00:00" hostname="agent-env-939ecd88-822c-4554-9c0f-59fb204fed6e"><testcase classname="tests.test_iteration18_new_features.TestAdvancedAnalytics" name="test_analytics_advanced_endpoint_exists" time="1.043" /><testcase classname="tests.test_iteration18_new_features.TestAdvancedAnalytics" name="test_analytics_with_date_range" time="0.048" /><testcase classname="tests.test_iteration18_new_features.TestAdvancedAnalytics" name="test_analytics_returns_summary" time="0.045" /><testcase classname="tests.test_iteration18_new_features.TestAdvancedAnalytics" name="test_analytics_returns_stage_distribution" time="0.048" /><testcase classname="tests.test_iteration18_new_features.TestAdvancedAnalytics" name="test_analytics_returns_conversion_funnel" time="0.042" /><testcase classname="tests.test_iteration18_new_features.TestAdvancedAnalytics" name="test_analytics_returns_orders_over_time" time="0.040" /><testcase classname="tests.test_iteration18_new_features.TestAdvancedAnalytics" name="test_analytics_with_group_by_parameter" time="0.120" /><testcase classname="tests.test_iteration18_new_features.TestAdvancedAnalytics" name="test_analytics_invalid_date_format" time="0.043" /><testcase classname="tests.test_iteration18_new_features.TestAdvancedAnalytics" name="test_analytics_no_orders_in_range" time="0.038" /><testcase classname="tests.test_iteration18_new_features.TestEmailNotificationService" name="test_email_config_endpoint" time="0.039" /><testcase classname="tests.test_iteration18_new_features.TestEmailNotificationService" name="test_email_templates_endpoint" time="0.037" /><testcase classname="tests.test_iteration18_new_features.TestEmailNotificationService" name="test_email_templates_have_placeholders" time="0.041" /><testcase classname="tests.test_iteration18_new_features.TestEmailNotificationService" name="test_send_by_stage_endpoint" time="0.059" /><testcase classname="tests.test_iteration18_new_features.TestEmailNotificationService" name="test_send_by_stage_all_stages" time="0.280" /><testcase classname="tests.test_iteration18_new_features.TestEmailNotificationService" name="test_send_by_stage_returns_details" time="0.040" /><testcase classname="tests.test_iteration18_new_features.TestSchedulerDWZSync" name="test_scheduler_status_endpoint" time="0.038" /><testcase classname="tests.test_iteration18_new_features.TestSchedulerDWZSync" name="test_dwz_sync_job_scheduled" time="0.035" /><testcase classname="tests.test_iteration18_new_features.TestSchedulerDWZSync" name="test_dwz_sync_job_interval" time="0.034" /><testcase classname="tests.test_iteration18_new_features.TestSchedulerDWZSync" name="test_dwz_sync_job_has_next_run" time="0.037" /><testcase classname="tests.test_iteration18_new_features.TestSchedulerDWZSync" name="test_all_scheduled_jobs" time="0.038" /><testcase classname="tests.test_iteration18_new_features.TestAnalyticsModalIntegration" name="test_analytics_data_for_overview_tab" time="0.042" /><testcase classname="tests.test_iteration18_new_features.TestAnalyticsModalIntegration" name="test_analytics_data_for_funnel_tab" time="0.041" /><testcase classname="tests.test_iteration18_new_features.TestAnalyticsModalIntegration" name="test_analytics_data_for_timeline_tab" time="0.039" /><testcase classname="tests.test_iteration18_new_features.TestAnalyticsModalIntegration" name="test_analytics_data_for_stuck_tab" time="0.038" /><testcase classname="tests.test_iteration18_new_features.TestEmailNotificationConfig" name="test_email_config_shows_not_configured" time="0.037" /><testcase classname="tests.test_iteration18_new_features.TestEmailNotificationConfig" name="test_email_config_has_default_from_email" time="0.038" /></testsuite></testsuites>