<?xml version="1.0" encoding="utf-8"?><testsuites name="pytest tests"><testsuite name="pytest" errors="0" failures="0" skipped="0" tests="14" time="1.973" timestamp="2026-01-05T15:24:20.267413+00:00" hostname="agent-env-50e1c31f-08fb-48c1-932c-35e18a91d6ab"><testcase classname="tests.test_new_features_iteration11.TestBulkOrderEndpoint" name="test_bulk_order_empty_items_returns_400" time="0.070" /><testcase classname="tests.test_new_features_iteration11.TestBulkOrderEndpoint" name="test_bulk_order_with_items_structure" time="1.350" /><testcase classname="tests.test_new_features_iteration11.TestBulkOrderEndpoint" name="test_bulk_order_max_items_limit" time="0.038" /><testcase classname="tests.test_new_features_iteration11.TestFindLinkedProductsEndpoint" name="test_find_linked_products_returns_success" time="0.101" /><testcase classname="tests.test_new_features_iteration11.TestFindLinkedProductsEndpoint" name="test_find_linked_products_structure" time="0.069" /><testcase classname="tests.test_new_features_iteration11.TestFindLinkedProductsEndpoint" name="test_find_linked_products_empty_array" time="0.043" /><testcase classname="tests.test_new_features_iteration11.Test1688AccountsEndpoint" name="test_get_1688_accounts" time="0.042" /><testcase classname="tests.test_new_features_iteration11.Test1688HealthEndpoint" name="test_1688_health_check" time="0.075" /><testcase classname="tests.test_new_features_iteration11.TestStoresEndpoint" name="test_get_stores" time="0.040" /><testcase classname="tests.test_new_features_iteration11.TestFulfillmentSyncEndpoints" name="test_sync_status_summary" time="0.039" /><testcase classname="tests.test_new_features_iteration11.TestFulfillmentSyncEndpoints" name="test_pending_sync" time="0.038" /><testcase classname="tests.test_new_features_iteration11.TestServiceModulesExist" name="test_tmapi_service_exists" time="0.000" /><testcase classname="tests.test_new_features_iteration11.TestServiceModulesExist" name="test_shopify_publishing_service_exists" time="0.000" /><testcase classname="tests.test_new_features_iteration11.TestServiceModulesExist" name="test_services_init_exists" time="0.000" /></testsuite></testsuites>