<?xml version="1.0" encoding="utf-8"?><testsuites name="pytest tests"><testsuite name="pytest" errors="0" failures="0" skipped="0" tests="17" time="4.364" timestamp="2026-01-05T12:36:49.419243+00:00" hostname="agent-env-83a86838-a908-4bdd-ba6d-5f4b5400b1fc"><testcase classname="tests.test_shopify_publish.TestShopifyStoresAPI" name="test_get_shopify_stores_returns_list" time="0.094" /><testcase classname="tests.test_shopify_publish.TestShopifyStoresAPI" name="test_stores_have_required_fields" time="0.041" /><testcase classname="tests.test_shopify_publish.TestShopifyStoresAPI" name="test_expected_stores_present" time="0.078" /><testcase classname="tests.test_shopify_publish.TestShopifyPublishAPI" name="test_publish_batch_endpoint_exists" time="0.042" /><testcase classname="tests.test_shopify_publish.TestShopifyPublishAPI" name="test_publish_batch_validates_store" time="0.041" /><testcase classname="tests.test_shopify_publish.TestShopifyPublishAPI" name="test_publish_batch_response_structure" time="0.039" /><testcase classname="tests.test_shopify_publish.TestShopifyPublishAPI" name="test_publish_batch_handles_nonexistent_product" time="0.080" /><testcase classname="tests.test_shopify_publish.TestPublishedProductVerification" name="test_published_product_has_shopify_id" time="0.042" /><testcase classname="tests.test_product_edit_modal.TestProductScraperAPI" name="test_get_products_returns_list" time="0.042" /><testcase classname="tests.test_product_edit_modal.TestProductScraperAPI" name="test_product_has_images" time="0.039" /><testcase classname="tests.test_product_edit_modal.TestProductScraperAPI" name="test_product_has_variants_with_color_size" time="0.041" /><testcase classname="tests.test_product_edit_modal.TestProductScraperAPI" name="test_variant_props_names_parsing" time="0.043" /><testcase classname="tests.test_product_edit_modal.TestProductScraperAPI" name="test_fetch_product_details_endpoint" time="3.437" /><testcase classname="tests.test_product_edit_modal.TestProductScraperAPI" name="test_product_update_endpoint" time="0.122" /><testcase classname="tests.test_product_edit_modal.TestProductDataIntegrity" name="test_all_variants_have_prices" time="0.038" /><testcase classname="tests.test_product_edit_modal.TestProductDataIntegrity" name="test_color_values_are_not_placeholders" time="0.042" /><testcase classname="tests.test_product_edit_modal.TestProductDataIntegrity" name="test_size_values_are_not_placeholders" time="0.046" /></testsuite></testsuites>