<?xml version="1.0" encoding="utf-8"?><testsuites name="pytest tests"><testsuite name="pytest" errors="0" failures="1" skipped="0" tests="15" time="4.868" timestamp="2026-01-03T16:58:56.008073+00:00" hostname="agent-env-71dff705-ddea-4f9f-91d2-4c52b56797b4"><testcase classname="tests.test_1688_scraper.TestScraperProductsEndpoint" name="test_get_products_returns_list" time="0.081" /><testcase classname="tests.test_1688_scraper.TestScraperProductsEndpoint" name="test_get_products_pagination" time="0.048" /><testcase classname="tests.test_1688_scraper.TestScraperProductsEndpoint" name="test_get_products_search" time="0.056" /><testcase classname="tests.test_1688_scraper.TestScraperProductsEndpoint" name="test_product_structure" time="0.041" /><testcase classname="tests.test_1688_scraper.TestBatchImportEndpoint" name="test_batch_import_empty_ids" time="0.045" /><testcase classname="tests.test_1688_scraper.TestBatchImportEndpoint" name="test_batch_import_invalid_ids" time="0.040" /><testcase classname="tests.test_1688_scraper.TestBatchImportEndpoint" name="test_batch_import_valid_id" time="0.039" /><testcase classname="tests.test_1688_scraper.TestBatchImportEndpoint" name="test_batch_import_url_extraction" time="0.038" /><testcase classname="tests.test_1688_scraper.TestJobStatusEndpoint" name="test_job_status_nonexistent" time="0.037" /><testcase classname="tests.test_1688_scraper.TestJobStatusEndpoint" name="test_job_status_after_import" time="2.047" /><testcase classname="tests.test_1688_scraper.TestDeleteProductEndpoint" name="test_delete_nonexistent_product" time="0.079" /><testcase classname="tests.test_1688_scraper.TestScrapeUrlEndpoint" name="test_scrape_empty_url" time="0.036"><failure message="AssertionError: Should return 400/422 for empty URL, got 200&#10;assert 200 in [400, 422]&#10; +  where 200 = &lt;Response [200]&gt;.status_code">tests/test_1688_scraper.py:226: in test_scrape_empty_url
    assert response.status_code in [400, 422], f"Should return 400/422 for empty URL, got {response.status_code}"
E   AssertionError: Should return 400/422 for empty URL, got 200
E   assert 200 in [400, 422]
E    +  where 200 = &lt;Response [200]&gt;.status_code</failure></testcase><testcase classname="tests.test_1688_scraper.TestScrapeUrlEndpoint" name="test_scrape_valid_url_starts_job" time="0.040" /><testcase classname="tests.test_1688_scraper.TestImportToShopifyEndpoint" name="test_import_nonexistent_product" time="0.038" /><testcase classname="tests.test_1688_scraper.TestEndToEndBatchImport" name="test_full_batch_import_flow" time="2.082" /></testsuite></testsuites>