<?xml version="1.0" encoding="utf-8"?><testsuites name="pytest tests"><testsuite name="pytest" errors="0" failures="1" skipped="0" tests="17" time="7.355" timestamp="2026-01-03T09:51:52.715362+00:00" hostname="agent-env-9f14c1ff-9ad9-4e0c-a191-b4ca604455b7"><testcase classname="tests.test_backend_apis.TestHealthAndBasicEndpoints" name="test_root_endpoint" time="0.249" /><testcase classname="tests.test_backend_apis.TestHealthAndBasicEndpoints" name="test_scheduler_status" time="0.038" /><testcase classname="tests.test_backend_apis.TestShopifySync" name="test_shopify_sync_ashmiaa" time="0.599" /><testcase classname="tests.test_backend_apis.TestShopifySync" name="test_shopify_sync_tnvcollectionpk" time="2.145" /><testcase classname="tests.test_backend_apis.TestShopifySync" name="test_shopify_sync_tnvcollection" time="2.316" /><testcase classname="tests.test_backend_apis.TestShopifySync" name="test_shopify_sync_nonexistent_store" time="0.051"><failure message="AssertionError: Should return 404 for non-existent store&#10;assert 520 == 404&#10; +  where 520 = &lt;Response [520]&gt;.status_code">tests/test_backend_apis.py:106: in test_shopify_sync_nonexistent_store
    assert response.status_code == 404, "Should return 404 for non-existent store"
E   AssertionError: Should return 404 for non-existent store
E   assert 520 == 404
E    +  where 520 = &lt;Response [520]&gt;.status_code</failure></testcase><testcase classname="tests.test_backend_apis.Test1688Integration" name="test_1688_health_check" time="0.036" /><testcase classname="tests.test_backend_apis.Test1688Integration" name="test_1688_catalog" time="0.039" /><testcase classname="tests.test_backend_apis.Test1688Integration" name="test_1688_catalog_pagination" time="0.040" /><testcase classname="tests.test_backend_apis.Test1688Integration" name="test_1688_shipping_addresses" time="1.430" /><testcase classname="tests.test_backend_apis.TestFulfillmentPipeline" name="test_fulfillment_stats" time="0.034" /><testcase classname="tests.test_backend_apis.TestFulfillmentPipeline" name="test_fulfillment_pending_purchase" time="0.061" /><testcase classname="tests.test_backend_apis.TestFulfillmentPipeline" name="test_fulfillment_pipeline" time="0.036" /><testcase classname="tests.test_backend_apis.TestFulfillmentPipeline" name="test_fulfillment_pipeline_pagination" time="0.044" /><testcase classname="tests.test_backend_apis.TestFulfillmentPipeline" name="test_fulfillment_status_nonexistent_order" time="0.057" /><testcase classname="tests.test_backend_apis.TestStoresEndpoint" name="test_get_stores" time="0.032" /><testcase classname="tests.test_backend_apis.TestCustomersEndpoint" name="test_get_customers" time="0.044" /></testsuite></testsuites>