<?xml version="1.0" encoding="utf-8"?><testsuites name="pytest tests"><testsuite name="pytest" errors="0" failures="0" skipped="0" tests="18" time="1.291" timestamp="2026-01-05T15:48:20.964525+00:00" hostname="agent-env-50e1c31f-08fb-48c1-932c-35e18a91d6ab"><testcase classname="tests.test_iteration12_features.TestImageSearchService" name="test_image_search_service_file_exists" time="0.000" /><testcase classname="tests.test_iteration12_features.TestFulfillmentWebhooks" name="test_webhook_status_update_endpoint" time="0.105" /><testcase classname="tests.test_iteration12_features.TestFulfillmentWebhooks" name="test_webhook_dwz56_endpoint" time="0.045" /><testcase classname="tests.test_iteration12_features.TestFulfillmentWebhooks" name="test_webhook_1688_endpoint" time="0.047" /><testcase classname="tests.test_iteration12_features.TestFulfillmentWebhooks" name="test_webhook_test_endpoint" time="0.046" /><testcase classname="tests.test_iteration12_features.TestFulfillmentWebhooks" name="test_webhook_test_dwz56_type" time="0.039" /><testcase classname="tests.test_iteration12_features.TestFulfillmentWebhooks" name="test_webhook_test_1688_type" time="0.049" /><testcase classname="tests.test_iteration12_features.TestFulfillmentWebhooks" name="test_webhook_logs_endpoint" time="0.039" /><testcase classname="tests.test_iteration12_features.TestWhatsAppNotifications" name="test_whatsapp_templates_endpoint" time="0.036" /><testcase classname="tests.test_iteration12_features.TestWhatsAppNotifications" name="test_whatsapp_send_notification_with_order_29533" time="0.265" /><testcase classname="tests.test_iteration12_features.TestWhatsAppNotifications" name="test_whatsapp_send_notification_urdu" time="0.316" /><testcase classname="tests.test_iteration12_features.TestWhatsAppNotifications" name="test_whatsapp_send_notification_invalid_order" time="0.070" /><testcase classname="tests.test_iteration12_features.TestWhatsAppNotifications" name="test_whatsapp_send_notification_invalid_type" time="0.060" /><testcase classname="tests.test_iteration12_features.TestWhatsAppNotifications" name="test_whatsapp_logs_endpoint" time="0.040" /><testcase classname="tests.test_iteration12_features.TestWhatsAppNotifications" name="test_whatsapp_logs_filter_by_order" time="0.040" /><testcase classname="tests.test_iteration12_features.TestWidget1688StatusComponent" name="test_widget_component_file_exists" time="0.000" /><testcase classname="tests.test_iteration12_features.TestFulfillmentWebhookService" name="test_fulfillment_webhooks_service_file_exists" time="0.000" /><testcase classname="tests.test_iteration12_features.TestWhatsAppNotificationService" name="test_whatsapp_notifications_service_file_exists" time="0.000" /></testsuite></testsuites>