<?xml version="1.0" encoding="utf-8"?><testsuites name="pytest tests"><testsuite name="pytest" errors="0" failures="1" skipped="1" tests="13" time="0.802" timestamp="2026-01-10T07:03:58.702952+00:00" hostname="agent-env-0245d1b0-6192-48ed-9fcf-866f6b6a81e4"><testcase classname="tests.test_iteration27_cancel_purchase.TestCancel1688Purchase" name="test_cancel_purchase_returns_404_for_nonexistent_order" time="0.071" /><testcase classname="tests.test_iteration27_cancel_purchase.TestCancel1688Purchase" name="test_cancel_purchase_returns_404_for_invalid_order_id" time="0.074" /><testcase classname="tests.test_iteration27_cancel_purchase.TestCancel1688Purchase" name="test_get_orders_with_alibaba_order_id" time="0.046" /><testcase classname="tests.test_iteration27_cancel_purchase.TestCancel1688Purchase" name="test_get_orders_without_alibaba_order_id" time="0.046" /><testcase classname="tests.test_iteration27_cancel_purchase.TestCancel1688Purchase" name="test_pipeline_endpoint_returns_correct_structure" time="0.046" /><testcase classname="tests.test_iteration27_cancel_purchase.TestCancel1688Purchase" name="test_search_order_by_number" time="0.050" /><testcase classname="tests.test_iteration27_cancel_purchase.TestCancel1688Purchase" name="test_search_order_29534" time="0.047" /><testcase classname="tests.test_iteration27_cancel_purchase.TestCancelPurchaseIntegration" name="test_cancel_purchase_on_order_with_alibaba_id" time="0.040"><skipped type="pytest.skip" message="Order doesn't have alibaba_order_id">/app/tests/test_iteration27_cancel_purchase.py:150: Order doesn't have alibaba_order_id</skipped></testcase><testcase classname="tests.test_iteration27_cancel_purchase.TestCancelPurchaseIntegration" name="test_cancel_purchase_on_order_without_alibaba_id" time="0.062" /><testcase classname="tests.test_iteration27_cancel_purchase.TestPipelineFilters" name="test_filter_by_purchase_status_purchased" time="0.054"><failure message="AssertionError: assert None is not None&#10; +  where None = &lt;built-in method get of dict object at 0xfc7c5cfe5940&gt;('alibaba_order_id')&#10; +    where &lt;built-in method get of dict object at 0xfc7c5cfe5940&gt; = {'alibaba_logistics_company': None, 'alibaba_logistics_details': None, 'alibaba_order_id': None, 'alibaba_order_response': None, ...}.get">tests/test_iteration27_cancel_purchase.py:233: in test_filter_by_purchase_status_purchased
    assert order.get("alibaba_order_id") is not None
E   AssertionError: assert None is not None
E    +  where None = &lt;built-in method get of dict object at 0xfc7c5cfe5940&gt;('alibaba_order_id')
E    +    where &lt;built-in method get of dict object at 0xfc7c5cfe5940&gt; = {'alibaba_logistics_company': None, 'alibaba_logistics_details': None, 'alibaba_order_id': None, 'alibaba_order_response': None, ...}.get</failure></testcase><testcase classname="tests.test_iteration27_cancel_purchase.TestPipelineFilters" name="test_filter_by_purchase_status_not_purchased" time="0.044" /><testcase classname="tests.test_iteration27_cancel_purchase.TestPipelineFilters" name="test_pagination" time="0.067" /><testcase classname="tests.test_iteration27_cancel_purchase.TestCancelledPurchasesAuditTrail" name="test_cancelled_purchases_array_structure" time="0.047" /></testsuite></testsuites>