<?xml version="1.0" encoding="utf-8"?><testsuites name="pytest tests"><testsuite name="pytest" errors="0" failures="0" skipped="0" tests="8" time="12.232" timestamp="2026-04-20T12:35:00.182487+00:00" hostname="agent-env-83fef7e7-9397-4662-ac97-7a482391b247"><testcase classname="backend.tests.test_checkout_e2e.TestShopifyCart" name="test_shopify_cart_success_single_variant" time="8.080" /><testcase classname="backend.tests.test_checkout_e2e.TestShopifyCart" name="test_shopify_cart_invalid_variant" time="0.343" /><testcase classname="backend.tests.test_checkout_e2e.TestShopifyCart" name="test_shopify_cart_empty_lines" time="0.062" /><testcase classname="backend.tests.test_checkout_e2e.TestShopifyCart" name="test_shopify_cart_multiple_lines" time="0.814" /><testcase classname="backend.tests.test_checkout_e2e.TestShopifyCart" name="test_shopify_cart_with_buyer_email" time="0.611" /><testcase classname="backend.tests.test_checkout_e2e.TestStorefront" name="test_products_list" time="1.753" /><testcase classname="backend.tests.test_checkout_e2e.TestStorefront" name="test_product_detail" time="0.221" /><testcase classname="backend.tests.test_checkout_e2e.TestStorefront" name="test_collections" time="0.266" /></testsuite></testsuites>