<?xml version="1.0" encoding="utf-8"?><testsuites name="pytest tests"><testsuite name="pytest" errors="0" failures="0" skipped="0" tests="19" time="1.161" timestamp="2026-01-14T18:35:51.309201+00:00" hostname="agent-env-d32e355b-19eb-4eff-9f3a-cda30c5fd51d"><testcase classname="tests.test_iteration38_cart_recovery.TestCartRecoverySettings" name="test_get_settings_tnvcollection" time="0.080" /><testcase classname="tests.test_iteration38_cart_recovery.TestCartRecoverySettings" name="test_get_settings_tnvcollectionpk" time="0.045" /><testcase classname="tests.test_iteration38_cart_recovery.TestCartRecoverySettings" name="test_update_settings" time="0.173" /><testcase classname="tests.test_iteration38_cart_recovery.TestCartRecoveryStats" name="test_get_stats_default" time="0.042" /><testcase classname="tests.test_iteration38_cart_recovery.TestCartRecoveryStats" name="test_get_stats_with_store_filter" time="0.043" /><testcase classname="tests.test_iteration38_cart_recovery.TestCartRecoveryStats" name="test_get_stats_with_days_filter" time="0.042" /><testcase classname="tests.test_iteration38_cart_recovery.TestAbandonedCarts" name="test_get_abandoned_carts_default" time="0.038" /><testcase classname="tests.test_iteration38_cart_recovery.TestAbandonedCarts" name="test_get_abandoned_carts_with_filters" time="0.039" /><testcase classname="tests.test_iteration38_cart_recovery.TestAbandonedCarts" name="test_get_abandoned_carts_pk_store" time="0.033" /><testcase classname="tests.test_iteration38_cart_recovery.TestRecoveryLogs" name="test_get_logs_default" time="0.044" /><testcase classname="tests.test_iteration38_cart_recovery.TestRecoveryLogs" name="test_get_logs_with_pagination" time="0.037" /><testcase classname="tests.test_iteration38_cart_recovery.TestSendReminder" name="test_send_reminder_cart_not_found" time="0.036" /><testcase classname="tests.test_iteration38_cart_recovery.TestSendReminder" name="test_send_reminder_validation" time="0.033" /><testcase classname="tests.test_iteration38_cart_recovery.TestBulkReminders" name="test_send_bulk_reminders" time="0.040" /><testcase classname="tests.test_iteration38_cart_recovery.TestBulkReminders" name="test_send_bulk_reminders_pk_store" time="0.052" /><testcase classname="tests.test_iteration38_cart_recovery.TestMarkConverted" name="test_mark_converted_not_found" time="0.038" /><testcase classname="tests.test_iteration38_cart_recovery.TestMarkConverted" name="test_mark_converted_with_order_id" time="0.036" /><testcase classname="tests.test_iteration38_cart_recovery.TestIntegrationFlow" name="test_full_settings_flow" time="0.143" /><testcase classname="tests.test_iteration38_cart_recovery.TestIntegrationFlow" name="test_stats_and_carts_consistency" time="0.079" /></testsuite></testsuites>