<?xml version="1.0" encoding="utf-8"?><testsuites name="pytest tests"><testsuite name="pytest" errors="0" failures="0" skipped="2" tests="12" time="0.822" timestamp="2026-01-10T07:25:07.824198+00:00" hostname="agent-env-0245d1b0-6192-48ed-9fcf-866f6b6a81e4"><testcase classname="tests.test_iteration28_restore_purchase.TestRestorePurchaseEndpoint" name="test_restore_purchase_404_for_nonexistent_order" time="0.167" /><testcase classname="tests.test_iteration28_restore_purchase.TestRestorePurchaseEndpoint" name="test_restore_purchase_400_if_already_has_active_purchase" time="0.081" /><testcase classname="tests.test_iteration28_restore_purchase.TestRestorePurchaseEndpoint" name="test_restore_purchase_400_if_no_cancelled_purchases" time="0.078" /><testcase classname="tests.test_iteration28_restore_purchase.TestGetCancelledPurchasesEndpoint" name="test_get_cancelled_purchases_404_for_nonexistent_order" time="0.039" /><testcase classname="tests.test_iteration28_restore_purchase.TestGetCancelledPurchasesEndpoint" name="test_get_cancelled_purchases_returns_correct_structure" time="0.079" /><testcase classname="tests.test_iteration28_restore_purchase.TestRestorePurchaseIntegration" name="test_order_29477_has_cancelled_purchases" time="0.039" /><testcase classname="tests.test_iteration28_restore_purchase.TestRestorePurchaseIntegration" name="test_order_29477_can_restore_status" time="0.071" /><testcase classname="tests.test_iteration28_restore_purchase.TestRestorePurchaseIntegration" name="test_restore_purchase_success_flow" time="0.036"><skipped type="pytest.skip" message="Order 29477 cannot be restored (either has active purchase or no cancelled purchases)">/app/tests/test_iteration28_restore_purchase.py:161: Order 29477 cannot be restored (either has active purchase or no cancelled purchases)</skipped></testcase><testcase classname="tests.test_iteration28_restore_purchase.TestRestorePurchaseIndexParameter" name="test_restore_invalid_index_returns_400" time="0.033"><skipped type="pytest.skip" message="Order has active purchase, cannot test restore">/app/tests/test_iteration28_restore_purchase.py:214: Order has active purchase, cannot test restore</skipped></testcase><testcase classname="tests.test_iteration28_restore_purchase.TestPipelineFiltersWithCancelledPurchases" name="test_pipeline_returns_cancelled_purchases_in_orders" time="0.046" /><testcase classname="tests.test_iteration28_restore_purchase.TestHealthCheck" name="test_api_docs_accessible" time="0.043" /><testcase classname="tests.test_iteration28_restore_purchase.TestHealthCheck" name="test_pipeline_endpoint_accessible" time="0.043" /></testsuite></testsuites>