<?xml version="1.0" encoding="utf-8"?><testsuites name="pytest tests"><testsuite name="pytest" errors="0" failures="0" skipped="0" tests="10" time="7.210" timestamp="2026-01-05T14:29:35.442111+00:00" hostname="agent-env-50e1c31f-08fb-48c1-932c-35e18a91d6ab"><testcase classname="tests.test_new_features_iteration9.TestStoresAPI" name="test_get_stores_list" time="0.080" /><testcase classname="tests.test_new_features_iteration9.Test1688AccountsAPI" name="test_list_1688_accounts" time="0.046" /><testcase classname="tests.test_new_features_iteration9.TestTaobaoProductAPI" name="test_get_taobao_product" time="0.695" /><testcase classname="tests.test_new_features_iteration9.TestTaobaoProductAPI" name="test_taobao_product_not_found" time="1.971" /><testcase classname="tests.test_new_features_iteration9.TestTMAPIStatus" name="test_tmapi_status" time="0.040" /><testcase classname="tests.test_new_features_iteration9.TestCreatePurchaseOrderWithAccount" name="test_create_purchase_order_schema" time="3.503" /><testcase classname="tests.test_new_features_iteration9.TestShopifySyncAPI" name="test_shopify_sync_status_endpoint_exists" time="0.056" /><testcase classname="tests.test_new_features_iteration9.Test1688HealthCheck" name="test_1688_health" time="0.035" /><testcase classname="tests.test_new_features_iteration9.TestProductLinksAPI" name="test_get_1688_link_from_sku" time="0.042" /><testcase classname="tests.test_new_features_iteration9.TestTaobaoShopAPI" name="test_taobao_shop_api_exists" time="0.671" /></testsuite></testsuites>