<?xml version="1.0" encoding="utf-8"?><testsuites name="pytest tests"><testsuite name="pytest" errors="0" failures="0" skipped="0" tests="10" time="30.389" timestamp="2026-01-11T14:26:15.747464+00:00" hostname="agent-env-c5ae1571-94eb-463e-9b86-458eef67d534"><testcase classname="tests.test_iteration31_bulk_variants.TestBulkVariantPreviewAPI" name="test_preview_with_store_filter" time="9.166" /><testcase classname="tests.test_iteration31_bulk_variants.TestBulkVariantPreviewAPI" name="test_preview_without_store_filter" time="4.214" /><testcase classname="tests.test_iteration31_bulk_variants.TestBulkVariantPreviewAPI" name="test_preview_with_limit" time="3.383" /><testcase classname="tests.test_iteration31_bulk_variants.TestBulkVariantPreviewAPI" name="test_preview_product_structure" time="4.482" /><testcase classname="tests.test_iteration31_bulk_variants.TestBulkVariantCreationAPI" name="test_create_returns_job_id" time="0.044" /><testcase classname="tests.test_iteration31_bulk_variants.TestBulkVariantCreationAPI" name="test_create_with_product_ids" time="0.042" /><testcase classname="tests.test_iteration31_bulk_variants.TestBulkVariantStatusAPI" name="test_status_for_existing_job" time="2.104" /><testcase classname="tests.test_iteration31_bulk_variants.TestBulkVariantStatusAPI" name="test_status_for_nonexistent_job" time="0.040" /><testcase classname="tests.test_iteration31_bulk_variants.TestBulkVariantJobsListAPI" name="test_list_jobs" time="0.037" /><testcase classname="tests.test_iteration31_bulk_variants.TestBulkVariantIntegration" name="test_full_workflow_preview_to_status" time="6.793" /></testsuite></testsuites>