<?xml version="1.0" encoding="utf-8"?><testsuites name="pytest tests"><testsuite name="pytest" errors="0" failures="5" skipped="0" tests="13" time="0.995" timestamp="2026-01-05T18:18:04.477936+00:00" hostname="agent-env-939ecd88-822c-4554-9c0f-59fb204fed6e"><testcase classname="tests.test_iteration14_fulfillment_pipeline.TestFulfillmentPipelineAPIs" name="test_stores_endpoint" time="0.073" /><testcase classname="tests.test_iteration14_fulfillment_pipeline.TestFulfillmentPipelineAPIs" name="test_pipeline_get_orders" time="0.045"><failure message="AssertionError: assert 'stats' in {'orders': [{'created_at': '2026-01-05T13:26:56.106588+00:00', 'current_stage': 'shopify_order', 'customer_name': 'Test Customer', 'customer_phone': None, ...}], 'page': 1, 'page_size': 20, 'status_counts': {'error': 0, 'fulfilled': 0, 'pending': 0, 'purchased': 0, ...}, ...}">tests/test_iteration14_fulfillment_pipeline.py:48: in test_pipeline_get_orders
    assert "stats" in data
E   AssertionError: assert 'stats' in {'orders': [{'created_at': '2026-01-05T13:26:56.106588+00:00', 'current_stage': 'shopify_order', 'customer_name': 'Test Customer', 'customer_phone': None, ...}], 'page': 1, 'page_size': 20, 'status_counts': {'error': 0, 'fulfilled': 0, 'pending': 0, 'purchased': 0, ...}, ...}</failure></testcase><testcase classname="tests.test_iteration14_fulfillment_pipeline.TestFulfillmentPipelineAPIs" name="test_pipeline_stats" time="0.044" /><testcase classname="tests.test_iteration14_fulfillment_pipeline.TestFulfillmentPipelineAPIs" name="test_pipeline_analytics" time="0.040" /><testcase classname="tests.test_iteration14_fulfillment_pipeline.TestFulfillmentPipelineAPIs" name="test_pipeline_export_csv" time="0.042" /><testcase classname="tests.test_iteration14_fulfillment_pipeline.TestFulfillmentPipelineAPIs" name="test_pipeline_export_json" time="0.046" /><testcase classname="tests.test_iteration14_fulfillment_pipeline.TestFulfillmentPipelineAPIs" name="test_sync_from_shopify" time="0.057" /><testcase classname="tests.test_iteration14_fulfillment_pipeline.TestFulfillmentPipelineAPIs" name="test_carriers_endpoint" time="0.042" /><testcase classname="tests.test_iteration14_fulfillment_pipeline.TestFulfillmentPipelineAPIs" name="test_pipeline_filter_by_stage" time="0.046" /><testcase classname="tests.test_iteration14_fulfillment_pipeline.TestFulfillmentPipelineOrderOperations" name="test_get_order_details" time="0.153"><failure message="assert 404 == 200&#10; +  where 404 = &lt;Response [404]&gt;.status_code">tests/test_iteration14_fulfillment_pipeline.py:206: in test_get_order_details
    assert detail_response.status_code == 200
E   assert 404 == 200
E    +  where 404 = &lt;Response [404]&gt;.status_code</failure></testcase><testcase classname="tests.test_iteration14_fulfillment_pipeline.TestFulfillmentPipelineOrderOperations" name="test_update_order_stage" time="0.120"><failure message="assert 404 == 200&#10; +  where 404 = &lt;Response [404]&gt;.status_code">tests/test_iteration14_fulfillment_pipeline.py:240: in test_update_order_stage
    assert update_response.status_code == 200
E   assert 404 == 200
E    +  where 404 = &lt;Response [404]&gt;.status_code</failure></testcase><testcase classname="tests.test_iteration14_fulfillment_pipeline.TestImageSearchService" name="test_image_search_endpoint_exists" time="0.082"><failure message="assert 404 == 200&#10; +  where 404 = &lt;Response [404]&gt;.status_code">tests/test_iteration14_fulfillment_pipeline.py:274: in test_image_search_endpoint_exists
    assert search_response.status_code == 200
E   assert 404 == 200
E    +  where 404 = &lt;Response [404]&gt;.status_code</failure></testcase><testcase classname="tests.test_iteration14_fulfillment_pipeline.TestWhatsAppNotifications" name="test_notify_whatsapp_endpoint" time="0.081"><failure message="assert 404 == 200&#10; +  where 404 = &lt;Response [404]&gt;.status_code">tests/test_iteration14_fulfillment_pipeline.py:308: in test_notify_whatsapp_endpoint
    assert notify_response.status_code == 200
E   assert 404 == 200
E    +  where 404 = &lt;Response [404]&gt;.status_code</failure></testcase></testsuite></testsuites>