<?xml version="1.0" encoding="utf-8"?><testsuites name="pytest tests"><testsuite name="pytest" errors="0" failures="1" skipped="0" tests="12" time="6.397" timestamp="2026-01-06T18:00:26.532055+00:00" hostname="agent-env-bf310bc6-a023-4c14-9b08-a69aa0b416fc"><testcase classname="tests.test_iteration20_checkout.TestStorefrontHealth" name="test_storefront_health" time="0.092" /><testcase classname="tests.test_iteration20_checkout.TestOrderCreationCOD" name="test_create_cod_order_success" time="1.176" /><testcase classname="tests.test_iteration20_checkout.TestOrderCreationCOD" name="test_create_order_missing_customer" time="0.040" /><testcase classname="tests.test_iteration20_checkout.TestOrderCreationCOD" name="test_create_order_missing_line_items" time="0.311" /><testcase classname="tests.test_iteration20_checkout.TestOrderRetrieval" name="test_get_order_success" time="1.105" /><testcase classname="tests.test_iteration20_checkout.TestOrderRetrieval" name="test_get_order_not_found" time="0.065" /><testcase classname="tests.test_iteration20_checkout.TestRazorpayOrderCreation" name="test_create_razorpay_order_endpoint_exists" time="0.297"><failure message="assert 520 in [200, 500]&#10; +  where 520 = &lt;Response [520]&gt;.status_code">tests/test_iteration20_checkout.py:224: in test_create_razorpay_order_endpoint_exists
    assert response.status_code in [200, 500]
E   assert 520 in [200, 500]
E    +  where 520 = &lt;Response [520]&gt;.status_code</failure></testcase><testcase classname="tests.test_iteration20_checkout.TestRazorpayOrderCreation" name="test_create_razorpay_order_validation" time="0.037" /><testcase classname="tests.test_iteration20_checkout.TestOrderDataValidation" name="test_order_with_multiple_items" time="1.030" /><testcase classname="tests.test_iteration20_checkout.TestOrderDataValidation" name="test_order_with_free_shipping" time="1.123" /><testcase classname="tests.test_iteration20_checkout.TestPaymentVerification" name="test_verify_payment_invalid_signature" time="0.040" /><testcase classname="tests.test_iteration20_checkout.TestOrderNumberGeneration" name="test_order_number_format" time="0.995" /></testsuite></testsuites>